{"/home/travis/build/npmtest/node-npmtest-faye/test.js":{"path":"/home/travis/build/npmtest/node-npmtest-faye/test.js","s":{"1":2,"2":2,"3":2,"4":2,"5":2,"6":2,"7":2,"8":1,"9":2,"10":2,"11":1,"12":1,"13":1,"14":1,"15":2,"16":2,"17":2,"18":2,"19":1,"20":1,"21":2,"22":2,"23":2,"24":1,"25":1,"26":1,"27":1,"28":1,"29":1,"30":1,"31":1,"32":1,"33":1,"34":1,"35":1,"36":1,"37":1,"38":1,"39":2,"40":2,"41":1,"42":2,"43":2,"44":1,"45":2,"46":2,"47":1,"48":2,"49":2,"50":1,"51":1,"52":1,"53":1,"54":1},"b":{"1":[2,1,1,1],"2":[1,1,1,1],"3":[1,1],"4":[1,1],"5":[1,1],"6":[1,1],"7":[1,1],"8":[1,1],"9":[1,1],"10":[1,1,1],"11":[1,1],"12":[1,1],"13":[1,1],"14":[1,1],"15":[1,1],"16":[1,1],"17":[1,1]},"f":{"1":2,"2":2,"3":2,"4":2,"5":2,"6":1,"7":1,"8":1,"9":2,"10":2,"11":2,"12":2,"13":1},"fnMap":{"1":{"name":"(anonymous_1)","line":12,"loc":{"start":{"line":12,"column":1},"end":{"line":12,"column":13}}},"2":{"name":"(anonymous_2)","line":19,"loc":{"start":{"line":19,"column":5},"end":{"line":19,"column":17}}},"3":{"name":"(anonymous_3)","line":23,"loc":{"start":{"line":23,"column":24},"end":{"line":23,"column":36}}},"4":{"name":"(anonymous_4)","line":61,"loc":{"start":{"line":61,"column":5},"end":{"line":61,"column":17}}},"5":{"name":"(anonymous_5)","line":82,"loc":{"start":{"line":82,"column":5},"end":{"line":82,"column":17}}},"6":{"name":"(anonymous_6)","line":91,"loc":{"start":{"line":91,"column":77},"end":{"line":94,"column":10}}},"7":{"name":"(anonymous_7)","line":112,"loc":{"start":{"line":112,"column":83},"end":{"line":115,"column":10}},"skip":true},"8":{"name":"(anonymous_8)","line":123,"loc":{"start":{"line":123,"column":77},"end":{"line":126,"column":10}},"skip":true},"9":{"name":"(anonymous_9)","line":139,"loc":{"start":{"line":139,"column":12},"end":{"line":139,"column":40}},"skip":true},"10":{"name":"(anonymous_10)","line":147,"loc":{"start":{"line":147,"column":77},"end":{"line":150,"column":10}},"skip":true},"11":{"name":"(anonymous_11)","line":158,"loc":{"start":{"line":158,"column":83},"end":{"line":161,"column":10}},"skip":true},"12":{"name":"(anonymous_12)","line":169,"loc":{"start":{"line":169,"column":79},"end":{"line":172,"column":10}},"skip":true},"13":{"name":"(anonymous_13)","line":180,"loc":{"start":{"line":180,"column":75},"end":{"line":183,"column":10}},"skip":true}},"statementMap":{"1":{"start":{"line":12,"column":0},"end":{"line":195,"column":5}},"2":{"start":{"line":14,"column":4},"end":{"line":14,"column":14}},"3":{"start":{"line":19,"column":4},"end":{"line":56,"column":9}},"4":{"start":{"line":21,"column":8},"end":{"line":21,"column":19}},"5":{"start":{"line":23,"column":8},"end":{"line":35,"column":13}},"6":{"start":{"line":24,"column":12},"end":{"line":34,"column":13}},"7":{"start":{"line":25,"column":16},"end":{"line":28,"column":30}},"8":{"start":{"line":30,"column":16},"end":{"line":33,"column":27}},"9":{"start":{"line":37,"column":8},"end":{"line":39,"column":21}},"10":{"start":{"line":40,"column":8},"end":{"line":53,"column":9}},"11":{"start":{"line":43,"column":12},"end":{"line":46,"column":14}},"12":{"start":{"line":47,"column":12},"end":{"line":47,"column":18}},"13":{"start":{"line":50,"column":12},"end":{"line":51,"column":46}},"14":{"start":{"line":52,"column":12},"end":{"line":52,"column":18}},"15":{"start":{"line":55,"column":8},"end":{"line":55,"column":35}},"16":{"start":{"line":61,"column":4},"end":{"line":63,"column":9}},"17":{"start":{"line":62,"column":8},"end":{"line":62,"column":15}},"18":{"start":{"line":64,"column":4},"end":{"line":77,"column":5}},"19":{"start":{"line":70,"column":8},"end":{"line":70,"column":14}},"20":{"start":{"line":76,"column":8},"end":{"line":76,"column":14}},"21":{"start":{"line":82,"column":4},"end":{"line":84,"column":9}},"22":{"start":{"line":83,"column":8},"end":{"line":83,"column":15}},"23":{"start":{"line":85,"column":4},"end":{"line":194,"column":5}},"24":{"start":{"line":91,"column":8},"end":{"line":99,"column":10}},"25":{"start":{"line":98,"column":12},"end":{"line":98,"column":35}},"26":{"start":{"line":102,"column":8},"end":{"line":104,"column":63}},"27":{"start":{"line":105,"column":8},"end":{"line":105,"column":14}},"28":{"start":{"line":112,"column":8},"end":{"line":121,"column":10},"skip":true},"29":{"start":{"line":119,"column":12},"end":{"line":119,"column":55},"skip":true},"30":{"start":{"line":120,"column":12},"end":{"line":120,"column":48},"skip":true},"31":{"start":{"line":123,"column":8},"end":{"line":136,"column":10},"skip":true},"32":{"start":{"line":130,"column":12},"end":{"line":130,"column":76},"skip":true},"33":{"start":{"line":131,"column":12},"end":{"line":131,"column":73},"skip":true},"34":{"start":{"line":132,"column":12},"end":{"line":132,"column":74},"skip":true},"35":{"start":{"line":133,"column":12},"end":{"line":133,"column":79},"skip":true},"36":{"start":{"line":134,"column":12},"end":{"line":134,"column":25},"skip":true},"37":{"start":{"line":135,"column":12},"end":{"line":135,"column":45},"skip":true},"38":{"start":{"line":138,"column":8},"end":{"line":145,"column":14},"skip":true},"39":{"start":{"line":143,"column":16},"end":{"line":143,"column":29},"skip":true},"40":{"start":{"line":144,"column":16},"end":{"line":144,"column":55},"skip":true},"41":{"start":{"line":147,"column":8},"end":{"line":156,"column":10},"skip":true},"42":{"start":{"line":154,"column":12},"end":{"line":154,"column":25},"skip":true},"43":{"start":{"line":155,"column":12},"end":{"line":155,"column":45},"skip":true},"44":{"start":{"line":158,"column":8},"end":{"line":167,"column":10},"skip":true},"45":{"start":{"line":165,"column":12},"end":{"line":165,"column":25},"skip":true},"46":{"start":{"line":166,"column":12},"end":{"line":166,"column":48},"skip":true},"47":{"start":{"line":169,"column":8},"end":{"line":178,"column":10},"skip":true},"48":{"start":{"line":176,"column":12},"end":{"line":176,"column":25},"skip":true},"49":{"start":{"line":177,"column":12},"end":{"line":177,"column":46},"skip":true},"50":{"start":{"line":180,"column":8},"end":{"line":189,"column":10},"skip":true},"51":{"start":{"line":187,"column":12},"end":{"line":187,"column":94},"skip":true},"52":{"start":{"line":188,"column":12},"end":{"line":188,"column":48},"skip":true},"53":{"start":{"line":192,"column":8},"end":{"line":192,"column":35},"skip":true},"54":{"start":{"line":193,"column":8},"end":{"line":193,"column":14},"skip":true}},"branchMap":{"1":{"line":25,"type":"binary-expr","locations":[{"start":{"line":25,"column":23},"end":{"line":25,"column":62}},{"start":{"line":26,"column":20},"end":{"line":26,"column":70}},{"start":{"line":27,"column":20},"end":{"line":27,"column":71}},{"start":{"line":28,"column":20},"end":{"line":28,"column":29}}]},"2":{"line":30,"type":"binary-expr","locations":[{"start":{"line":30,"column":23},"end":{"line":30,"column":37}},{"start":{"line":31,"column":20},"end":{"line":31,"column":61}},{"start":{"line":32,"column":20},"end":{"line":32,"column":70}},{"start":{"line":33,"column":20},"end":{"line":33,"column":26}}]},"3":{"line":37,"type":"cond-expr","locations":[{"start":{"line":38,"column":14},"end":{"line":38,"column":20}},{"start":{"line":39,"column":14},"end":{"line":39,"column":20}}]},"4":{"line":40,"type":"switch","locations":[{"start":{"line":42,"column":8},"end":{"line":47,"column":18}},{"start":{"line":49,"column":8},"end":{"line":52,"column":18}}]},"5":{"line":44,"type":"binary-expr","locations":[{"start":{"line":44,"column":16},"end":{"line":44,"column":44}},{"start":{"line":44,"column":48},"end":{"line":44,"column":66}}]},"6":{"line":50,"type":"binary-expr","locations":[{"start":{"line":50,"column":21},"end":{"line":50,"column":49}},{"start":{"line":50,"column":53},"end":{"line":50,"column":72}}]},"7":{"line":64,"type":"switch","locations":[{"start":{"line":69,"column":4},"end":{"line":70,"column":14}},{"start":{"line":75,"column":4},"end":{"line":76,"column":14}}]},"8":{"line":85,"type":"switch","locations":[{"start":{"line":90,"column":4},"end":{"line":105,"column":14}},{"start":{"line":111,"column":4},"end":{"line":193,"column":14},"skip":true}]},"9":{"line":91,"type":"binary-expr","locations":[{"start":{"line":91,"column":42},"end":{"line":91,"column":73}},{"start":{"line":91,"column":77},"end":{"line":99,"column":9}}]},"10":{"line":102,"type":"binary-expr","locations":[{"start":{"line":102,"column":18},"end":{"line":102,"column":32}},{"start":{"line":103,"column":12},"end":{"line":103,"column":53}},{"start":{"line":104,"column":12},"end":{"line":104,"column":61}}]},"11":{"line":112,"type":"binary-expr","locations":[{"start":{"line":112,"column":45},"end":{"line":112,"column":79},"skip":true},{"start":{"line":112,"column":83},"end":{"line":121,"column":9},"skip":true}]},"12":{"line":123,"type":"binary-expr","locations":[{"start":{"line":123,"column":42},"end":{"line":123,"column":73},"skip":true},{"start":{"line":123,"column":77},"end":{"line":136,"column":9},"skip":true}]},"13":{"line":138,"type":"binary-expr","locations":[{"start":{"line":138,"column":48},"end":{"line":138,"column":85},"skip":true},{"start":{"line":139,"column":12},"end":{"line":145,"column":13},"skip":true}]},"14":{"line":147,"type":"binary-expr","locations":[{"start":{"line":147,"column":42},"end":{"line":147,"column":73},"skip":true},{"start":{"line":147,"column":77},"end":{"line":156,"column":9},"skip":true}]},"15":{"line":158,"type":"binary-expr","locations":[{"start":{"line":158,"column":45},"end":{"line":158,"column":79},"skip":true},{"start":{"line":158,"column":83},"end":{"line":167,"column":9},"skip":true}]},"16":{"line":169,"type":"binary-expr","locations":[{"start":{"line":169,"column":43},"end":{"line":169,"column":75},"skip":true},{"start":{"line":169,"column":79},"end":{"line":178,"column":9},"skip":true}]},"17":{"line":180,"type":"binary-expr","locations":[{"start":{"line":180,"column":41},"end":{"line":180,"column":71},"skip":true},{"start":{"line":180,"column":75},"end":{"line":189,"column":9},"skip":true}]}},"code":["/* istanbul instrument in package npmtest_faye */","/*jslint","    bitwise: true,","    browser: true,","    maxerr: 8,","    maxlen: 96,","    node: true,","    nomen: true,","    regexp: true,","    stupid: true","*/","(function () {","    'use strict';","    var local;","","","","    // run shared js-env code - pre-init","    (function () {","        // init local","        local = {};","        // init modeJs","        local.modeJs = (function () {","            try {","                return typeof navigator.userAgent === 'string' &&","                    typeof document.querySelector('body') === 'object' &&","                    typeof XMLHttpRequest.prototype.open === 'function' &&","                    'browser';","            } catch (errorCaughtBrowser) {","                return module.exports &&","                    typeof process.versions.node === 'string' &&","                    typeof require('http').createServer === 'function' &&","                    'node';","            }","        }());","        // init global","        local.global = local.modeJs === 'browser'","            ? window","            : global;","        switch (local.modeJs) {","        // re-init local from window.local","        case 'browser':","            local = local.global.utility2.objectSetDefault(","                local.global.utility2_rollup || local.global.local,","                local.global.utility2","            );","            break;","        // re-init local from example.js","        case 'node':","            local = (local.global.utility2_rollup || require('utility2'))","                .requireExampleJsFromReadme();","            break;","        }","        // export local","        local.global.local = local;","    }());","","","","    // run shared js-env code - function","    (function () {","        return;","    }());","    switch (local.modeJs) {","","","","    // run browser js-env code - function","    case 'browser':","        break;","","","","    // run node js-env code - function","    case 'node':","        break;","    }","","","","    // run shared js-env code - post-init","    (function () {","        return;","    }());","    switch (local.modeJs) {","","","","    // run browser js-env code - post-init","    case 'browser':","        local.testCase_browser_nullCase = local.testCase_browser_nullCase || function (","            options,","            onError","        ) {","        /*","         * this function will test browsers's null-case handling-behavior-behavior","         */","            onError(null, options);","        };","","        // run tests","        local.nop(local.modeTest &&","            document.querySelector('#testRunButton1') &&","            document.querySelector('#testRunButton1').click());","        break;","","","","    // run node js-env code - post-init","    /* istanbul ignore next */","    case 'node':","        local.testCase_buildApidoc_default = local.testCase_buildApidoc_default || function (","            options,","            onError","        ) {","        /*","         * this function will test buildApidoc's default handling-behavior-behavior","         */","            options = { modulePathList: module.paths };","            local.buildApidoc(options, onError);","        };","","        local.testCase_buildApp_default = local.testCase_buildApp_default || function (","            options,","            onError","        ) {","        /*","         * this function will test buildApp's default handling-behavior-behavior","         */","            local.testCase_buildReadme_default(options, local.onErrorThrow);","            local.testCase_buildLib_default(options, local.onErrorThrow);","            local.testCase_buildTest_default(options, local.onErrorThrow);","            local.testCase_buildCustomOrg_default(options, local.onErrorThrow);","            options = [];","            local.buildApp(options, onError);","        };","","        local.testCase_buildCustomOrg_default = local.testCase_buildCustomOrg_default ||","            function (options, onError) {","            /*","             * this function will test buildCustomOrg's default handling-behavior","             */","                options = {};","                local.buildCustomOrg(options, onError);","            };","","        local.testCase_buildLib_default = local.testCase_buildLib_default || function (","            options,","            onError","        ) {","        /*","         * this function will test buildLib's default handling-behavior","         */","            options = {};","            local.buildLib(options, onError);","        };","","        local.testCase_buildReadme_default = local.testCase_buildReadme_default || function (","            options,","            onError","        ) {","        /*","         * this function will test buildReadme's default handling-behavior-behavior","         */","            options = {};","            local.buildReadme(options, onError);","        };","","        local.testCase_buildTest_default = local.testCase_buildTest_default || function (","            options,","            onError","        ) {","        /*","         * this function will test buildTest's default handling-behavior","         */","            options = {};","            local.buildTest(options, onError);","        };","","        local.testCase_webpage_default = local.testCase_webpage_default || function (","            options,","            onError","        ) {","        /*","         * this function will test webpage's default handling-behavior","         */","            options = { modeCoverageMerge: true, url: local.serverLocalHost + '?modeTest=1' };","            local.browserTest(options, onError);","        };","","        // run test-server","        local.testRunServer(local);","        break;","    }","}());",""],"l":{"12":2,"14":2,"19":2,"21":2,"23":2,"24":2,"25":2,"30":1,"37":2,"40":2,"43":1,"47":1,"50":1,"52":1,"55":2,"61":2,"62":2,"64":2,"70":1,"76":1,"82":2,"83":2,"85":2,"91":1,"98":1,"102":1,"105":1,"112":1,"119":1,"120":1,"123":1,"130":1,"131":1,"132":1,"133":1,"134":1,"135":1,"138":1,"143":2,"144":2,"147":1,"154":2,"155":2,"158":1,"165":2,"166":2,"169":1,"176":2,"177":2,"180":1,"187":1,"188":1,"192":1,"193":1}},"/home/travis/build/npmtest/node-npmtest-faye/lib.npmtest_faye.js":{"path":"/home/travis/build/npmtest/node-npmtest-faye/lib.npmtest_faye.js","s":{"1":2,"2":2,"3":2,"4":2,"5":2,"6":2,"7":2,"8":1,"9":2,"10":2,"11":2,"12":2,"13":1,"14":1,"15":1,"16":1},"b":{"1":[2,1,1,1],"2":[1,1,1,1],"3":[1,1],"4":[2,2],"5":[1,1]},"f":{"1":2,"2":2,"3":2},"fnMap":{"1":{"name":"(anonymous_1)","line":12,"loc":{"start":{"line":12,"column":1},"end":{"line":12,"column":13}}},"2":{"name":"(anonymous_2)","line":19,"loc":{"start":{"line":19,"column":5},"end":{"line":19,"column":17}}},"3":{"name":"(anonymous_3)","line":23,"loc":{"start":{"line":23,"column":24},"end":{"line":23,"column":36}}}},"statementMap":{"1":{"start":{"line":12,"column":0},"end":{"line":53,"column":5}},"2":{"start":{"line":14,"column":4},"end":{"line":14,"column":14}},"3":{"start":{"line":19,"column":4},"end":{"line":52,"column":9}},"4":{"start":{"line":21,"column":8},"end":{"line":21,"column":19}},"5":{"start":{"line":23,"column":8},"end":{"line":35,"column":13}},"6":{"start":{"line":24,"column":12},"end":{"line":34,"column":13}},"7":{"start":{"line":25,"column":16},"end":{"line":28,"column":30}},"8":{"start":{"line":30,"column":16},"end":{"line":33,"column":27}},"9":{"start":{"line":37,"column":8},"end":{"line":39,"column":21}},"10":{"start":{"line":41,"column":8},"end":{"line":41,"column":54}},"11":{"start":{"line":43,"column":8},"end":{"line":43,"column":49}},"12":{"start":{"line":45,"column":8},"end":{"line":51,"column":9}},"13":{"start":{"line":46,"column":12},"end":{"line":46,"column":55}},"14":{"start":{"line":48,"column":12},"end":{"line":48,"column":35}},"15":{"start":{"line":49,"column":12},"end":{"line":49,"column":49}},"16":{"start":{"line":50,"column":12},"end":{"line":50,"column":43}}},"branchMap":{"1":{"line":25,"type":"binary-expr","locations":[{"start":{"line":25,"column":23},"end":{"line":25,"column":62}},{"start":{"line":26,"column":20},"end":{"line":26,"column":70}},{"start":{"line":27,"column":20},"end":{"line":27,"column":71}},{"start":{"line":28,"column":20},"end":{"line":28,"column":29}}]},"2":{"line":30,"type":"binary-expr","locations":[{"start":{"line":30,"column":23},"end":{"line":30,"column":37}},{"start":{"line":31,"column":20},"end":{"line":31,"column":61}},{"start":{"line":32,"column":20},"end":{"line":32,"column":70}},{"start":{"line":33,"column":20},"end":{"line":33,"column":26}}]},"3":{"line":37,"type":"cond-expr","locations":[{"start":{"line":38,"column":14},"end":{"line":38,"column":20}},{"start":{"line":39,"column":14},"end":{"line":39,"column":20}}]},"4":{"line":41,"type":"binary-expr","locations":[{"start":{"line":41,"column":16},"end":{"line":41,"column":44}},{"start":{"line":41,"column":48},"end":{"line":41,"column":53}}]},"5":{"line":45,"type":"if","locations":[{"start":{"line":45,"column":8},"end":{"line":45,"column":8}},{"start":{"line":45,"column":8},"end":{"line":45,"column":8}}]}},"code":["/* istanbul instrument in package npmtest_faye */","/*jslint","    bitwise: true,","    browser: true,","    maxerr: 8,","    maxlen: 96,","    node: true,","    nomen: true,","    regexp: true,","    stupid: true","*/","(function () {","    'use strict';","    var local;","","","","    // run shared js-env code - pre-init","    (function () {","        // init local","        local = {};","        // init modeJs","        local.modeJs = (function () {","            try {","                return typeof navigator.userAgent === 'string' &&","                    typeof document.querySelector('body') === 'object' &&","                    typeof XMLHttpRequest.prototype.open === 'function' &&","                    'browser';","            } catch (errorCaughtBrowser) {","                return module.exports &&","                    typeof process.versions.node === 'string' &&","                    typeof require('http').createServer === 'function' &&","                    'node';","            }","        }());","        // init global","        local.global = local.modeJs === 'browser'","            ? window","            : global;","        // init utility2_rollup","        local = local.global.utility2_rollup || local;","        // init lib","        local.local = local.npmtest_faye = local;","        // init exports","        if (local.modeJs === 'browser') {","            local.global.utility2_npmtest_faye = local;","        } else {","            module.exports = local;","            module.exports.__dirname = __dirname;","            module.exports.module = module;","        }","    }());","}());",""],"l":{"12":2,"14":2,"19":2,"21":2,"23":2,"24":2,"25":2,"30":1,"37":2,"41":2,"43":2,"45":2,"46":1,"48":1,"49":1,"50":1}},"/home/travis/build/npmtest/node-npmtest-faye/example.js":{"path":"/home/travis/build/npmtest/node-npmtest-faye/example.js","s":{"1":2,"2":2,"3":2,"4":2,"5":2,"6":2,"7":2,"8":1,"9":2,"10":2,"11":2,"12":2,"13":1,"14":2,"15":2,"16":2,"17":2,"18":2,"19":0,"20":2,"21":1,"22":1,"23":1,"24":1,"25":1,"26":0,"27":0,"28":1,"29":1,"30":2,"31":0,"32":0,"33":0,"34":1,"35":2,"36":2,"37":3,"38":3,"39":3,"40":3,"41":0,"42":3,"43":3,"44":3,"45":1,"46":3,"47":1,"48":1,"49":1,"50":1,"51":1,"52":1,"53":1,"54":1,"55":1,"56":1,"57":0,"58":1,"59":6,"60":6,"61":1,"62":2,"63":0,"64":2,"65":1,"66":1,"67":0,"68":0,"69":0,"70":0,"71":0,"72":0,"73":0,"74":0,"75":0,"76":0,"77":0,"78":0,"79":0,"80":0,"81":0,"82":0,"83":0},"b":{"1":[2,1,1,1],"2":[1,1,1,1],"3":[1,1],"4":[2,2],"5":[1,1],"6":[1,1],"7":[2,0],"8":[2,1,1,1,1,1],"9":[0,2,0],"10":[1,1],"11":[2,1,1],"12":[1,0],"13":[0,2],"14":[2,0,0,0,0,0,0],"15":[0,3],"16":[3,0],"17":[1,1],"18":[0,1],"19":[1,2,0,2],"20":[1,0],"21":[1,1],"22":[0,0],"23":[0,0],"24":[0,0],"25":[0,0],"26":[0,0],"27":[0,0],"28":[0,0]},"f":{"1":2,"2":2,"3":2,"4":2,"5":2,"6":2,"7":3,"8":3,"9":3,"10":1,"11":6,"12":0},"fnMap":{"1":{"name":"(anonymous_1)","line":26,"loc":{"start":{"line":26,"column":1},"end":{"line":26,"column":13}}},"2":{"name":"(anonymous_2)","line":33,"loc":{"start":{"line":33,"column":5},"end":{"line":33,"column":17}}},"3":{"name":"(anonymous_3)","line":37,"loc":{"start":{"line":37,"column":24},"end":{"line":37,"column":36}}},"4":{"name":"(anonymous_4)","line":69,"loc":{"start":{"line":69,"column":31},"end":{"line":69,"column":48}},"skip":true},"5":{"name":"(anonymous_5)","line":78,"loc":{"start":{"line":78,"column":26},"end":{"line":78,"column":45}},"skip":true},"6":{"name":"(anonymous_6)","line":123,"loc":{"start":{"line":123,"column":33},"end":{"line":123,"column":48}},"skip":true},"7":{"name":"(anonymous_7)","line":125,"loc":{"start":{"line":125,"column":27},"end":{"line":125,"column":39}},"skip":true},"8":{"name":"(anonymous_8)","line":133,"loc":{"start":{"line":133,"column":59},"end":{"line":133,"column":74}},"skip":true},"9":{"name":"(anonymous_9)","line":143,"loc":{"start":{"line":143,"column":45},"end":{"line":143,"column":62}},"skip":true},"10":{"name":"(anonymous_10)","line":144,"loc":{"start":{"line":144,"column":73},"end":{"line":144,"column":92}},"skip":true},"11":{"name":"(anonymous_11)","line":272,"loc":{"start":{"line":272,"column":51},"end":{"line":272,"column":77}},"skip":true},"12":{"name":"(anonymous_12)","line":315,"loc":{"start":{"line":315,"column":32},"end":{"line":315,"column":61}},"skip":true}},"statementMap":{"1":{"start":{"line":26,"column":0},"end":{"line":326,"column":5}},"2":{"start":{"line":28,"column":4},"end":{"line":28,"column":14}},"3":{"start":{"line":33,"column":4},"end":{"line":60,"column":9}},"4":{"start":{"line":35,"column":8},"end":{"line":35,"column":19}},"5":{"start":{"line":37,"column":8},"end":{"line":49,"column":13}},"6":{"start":{"line":38,"column":12},"end":{"line":48,"column":13}},"7":{"start":{"line":39,"column":16},"end":{"line":42,"column":30}},"8":{"start":{"line":44,"column":16},"end":{"line":47,"column":27}},"9":{"start":{"line":51,"column":8},"end":{"line":53,"column":21}},"10":{"start":{"line":55,"column":8},"end":{"line":57,"column":45}},"11":{"start":{"line":59,"column":8},"end":{"line":59,"column":35}},"12":{"start":{"line":61,"column":4},"end":{"line":325,"column":5}},"13":{"start":{"line":69,"column":8},"end":{"line":121,"column":10},"skip":true},"14":{"start":{"line":70,"column":12},"end":{"line":88,"column":13},"skip":true},"15":{"start":{"line":76,"column":16},"end":{"line":87,"column":19},"skip":true},"16":{"start":{"line":79,"column":20},"end":{"line":86,"column":21},"skip":true},"17":{"start":{"line":82,"column":24},"end":{"line":82,"column":43},"skip":true},"18":{"start":{"line":83,"column":24},"end":{"line":83,"column":30},"skip":true},"19":{"start":{"line":85,"column":24},"end":{"line":85,"column":49},"skip":true},"20":{"start":{"line":89,"column":12},"end":{"line":107,"column":13},"skip":true},"21":{"start":{"line":92,"column":16},"end":{"line":102,"column":17},"skip":true},"22":{"start":{"line":93,"column":20},"end":{"line":93,"column":86},"skip":true},"23":{"start":{"line":94,"column":20},"end":{"line":95,"column":45},"skip":true},"24":{"start":{"line":96,"column":20},"end":{"line":96,"column":42},"skip":true},"25":{"start":{"line":97,"column":20},"end":{"line":97,"column":48},"skip":true},"26":{"start":{"line":100,"column":20},"end":{"line":100,"column":85},"skip":true},"27":{"start":{"line":101,"column":20},"end":{"line":101,"column":96},"skip":true},"28":{"start":{"line":103,"column":16},"end":{"line":103,"column":22},"skip":true},"29":{"start":{"line":106,"column":16},"end":{"line":106,"column":22},"skip":true},"30":{"start":{"line":108,"column":12},"end":{"line":120,"column":13},"skip":true},"31":{"start":{"line":114,"column":16},"end":{"line":119,"column":17},"skip":true},"32":{"start":{"line":116,"column":20},"end":{"line":116,"column":78},"skip":true},"33":{"start":{"line":118,"column":20},"end":{"line":118,"column":47},"skip":true},"34":{"start":{"line":123,"column":8},"end":{"line":141,"column":11},"skip":true},"35":{"start":{"line":124,"column":12},"end":{"line":124,"column":54},"skip":true},"36":{"start":{"line":125,"column":12},"end":{"line":140,"column":14},"skip":true},"37":{"start":{"line":126,"column":16},"end":{"line":126,"column":28},"skip":true},"38":{"start":{"line":127,"column":16},"end":{"line":127,"column":69},"skip":true},"39":{"start":{"line":128,"column":16},"end":{"line":128,"column":75},"skip":true},"40":{"start":{"line":129,"column":16},"end":{"line":131,"column":17},"skip":true},"41":{"start":{"line":130,"column":20},"end":{"line":130,"column":27},"skip":true},"42":{"start":{"line":133,"column":16},"end":{"line":137,"column":36},"skip":true},"43":{"start":{"line":134,"column":20},"end":{"line":136,"column":55},"skip":true},"44":{"start":{"line":139,"column":16},"end":{"line":139,"column":57},"skip":true},"45":{"start":{"line":143,"column":8},"end":{"line":147,"column":11},"skip":true},"46":{"start":{"line":144,"column":12},"end":{"line":146,"column":15},"skip":true},"47":{"start":{"line":145,"column":16},"end":{"line":145,"column":70},"skip":true},"48":{"start":{"line":149,"column":8},"end":{"line":149,"column":31},"skip":true},"49":{"start":{"line":150,"column":8},"end":{"line":150,"column":14},"skip":true},"50":{"start":{"line":158,"column":8},"end":{"line":158,"column":31},"skip":true},"51":{"start":{"line":160,"column":8},"end":{"line":160,"column":33},"skip":true},"52":{"start":{"line":161,"column":8},"end":{"line":161,"column":37},"skip":true},"53":{"start":{"line":162,"column":8},"end":{"line":162,"column":35},"skip":true},"54":{"start":{"line":164,"column":8},"end":{"line":164,"column":50},"skip":true},"55":{"start":{"line":166,"column":8},"end":{"line":256,"column":2},"skip":true},"56":{"start":{"line":258,"column":8},"end":{"line":286,"column":9},"skip":true},"57":{"start":{"line":259,"column":12},"end":{"line":269,"column":14},"skip":true},"58":{"start":{"line":271,"column":12},"end":{"line":285,"column":19},"skip":true},"59":{"start":{"line":274,"column":20},"end":{"line":274,"column":35},"skip":true},"60":{"start":{"line":275,"column":20},"end":{"line":284,"column":21},"skip":true},"61":{"start":{"line":277,"column":24},"end":{"line":277,"column":64},"skip":true},"62":{"start":{"line":279,"column":24},"end":{"line":279,"column":40},"skip":true},"63":{"start":{"line":281,"column":24},"end":{"line":281,"column":40},"skip":true},"64":{"start":{"line":283,"column":24},"end":{"line":283,"column":39},"skip":true},"65":{"start":{"line":288,"column":8},"end":{"line":290,"column":9},"skip":true},"66":{"start":{"line":289,"column":12},"end":{"line":289,"column":18},"skip":true},"67":{"start":{"line":291,"column":8},"end":{"line":293,"column":54},"skip":true},"68":{"start":{"line":296,"column":8},"end":{"line":301,"column":37},"skip":true},"69":{"start":{"line":303,"column":8},"end":{"line":303,"column":82},"skip":true},"70":{"start":{"line":306,"column":8},"end":{"line":308,"column":9},"skip":true},"71":{"start":{"line":307,"column":12},"end":{"line":307,"column":82},"skip":true},"72":{"start":{"line":310,"column":8},"end":{"line":312,"column":9},"skip":true},"73":{"start":{"line":311,"column":12},"end":{"line":311,"column":18},"skip":true},"74":{"start":{"line":313,"column":8},"end":{"line":313,"column":54},"skip":true},"75":{"start":{"line":314,"column":8},"end":{"line":314,"column":69},"skip":true},"76":{"start":{"line":315,"column":8},"end":{"line":323,"column":36},"skip":true},"77":{"start":{"line":316,"column":12},"end":{"line":316,"column":61},"skip":true},"78":{"start":{"line":317,"column":12},"end":{"line":320,"column":13},"skip":true},"79":{"start":{"line":318,"column":16},"end":{"line":318,"column":75},"skip":true},"80":{"start":{"line":319,"column":16},"end":{"line":319,"column":23},"skip":true},"81":{"start":{"line":321,"column":12},"end":{"line":321,"column":38},"skip":true},"82":{"start":{"line":322,"column":12},"end":{"line":322,"column":27},"skip":true},"83":{"start":{"line":324,"column":8},"end":{"line":324,"column":14},"skip":true}},"branchMap":{"1":{"line":39,"type":"binary-expr","locations":[{"start":{"line":39,"column":23},"end":{"line":39,"column":62}},{"start":{"line":40,"column":20},"end":{"line":40,"column":70}},{"start":{"line":41,"column":20},"end":{"line":41,"column":71}},{"start":{"line":42,"column":20},"end":{"line":42,"column":29}}]},"2":{"line":44,"type":"binary-expr","locations":[{"start":{"line":44,"column":23},"end":{"line":44,"column":37}},{"start":{"line":45,"column":20},"end":{"line":45,"column":61}},{"start":{"line":46,"column":20},"end":{"line":46,"column":70}},{"start":{"line":47,"column":20},"end":{"line":47,"column":26}}]},"3":{"line":51,"type":"cond-expr","locations":[{"start":{"line":52,"column":14},"end":{"line":52,"column":20}},{"start":{"line":53,"column":14},"end":{"line":53,"column":20}}]},"4":{"line":55,"type":"binary-expr","locations":[{"start":{"line":55,"column":16},"end":{"line":55,"column":44}},{"start":{"line":55,"column":49},"end":{"line":57,"column":43}}]},"5":{"line":55,"type":"cond-expr","locations":[{"start":{"line":56,"column":14},"end":{"line":56,"column":48}},{"start":{"line":57,"column":14},"end":{"line":57,"column":43}}]},"6":{"line":61,"type":"switch","locations":[{"start":{"line":68,"column":4},"end":{"line":150,"column":14},"skip":true},{"start":{"line":156,"column":4},"end":{"line":324,"column":14},"skip":true}]},"7":{"line":70,"type":"if","locations":[{"start":{"line":70,"column":12},"end":{"line":70,"column":12},"skip":true},{"start":{"line":70,"column":12},"end":{"line":70,"column":12},"skip":true}]},"8":{"line":70,"type":"binary-expr","locations":[{"start":{"line":70,"column":16},"end":{"line":70,"column":22},"skip":true},{"start":{"line":70,"column":27},"end":{"line":70,"column":32},"skip":true},{"start":{"line":71,"column":20},"end":{"line":71,"column":39},"skip":true},{"start":{"line":72,"column":20},"end":{"line":72,"column":49},"skip":true},{"start":{"line":73,"column":20},"end":{"line":73,"column":58},"skip":true},{"start":{"line":74,"column":20},"end":{"line":74,"column":69},"skip":true}]},"9":{"line":79,"type":"switch","locations":[{"start":{"line":80,"column":20},"end":{"line":80,"column":33},"skip":true},{"start":{"line":81,"column":20},"end":{"line":83,"column":30},"skip":true},{"start":{"line":84,"column":20},"end":{"line":85,"column":49},"skip":true}]},"10":{"line":89,"type":"switch","locations":[{"start":{"line":90,"column":12},"end":{"line":103,"column":22},"skip":true},{"start":{"line":105,"column":12},"end":{"line":106,"column":22},"skip":true}]},"11":{"line":89,"type":"binary-expr","locations":[{"start":{"line":89,"column":20},"end":{"line":89,"column":25},"skip":true},{"start":{"line":89,"column":29},"end":{"line":89,"column":48},"skip":true},{"start":{"line":89,"column":52},"end":{"line":89,"column":74},"skip":true}]},"12":{"line":92,"type":"if","locations":[{"start":{"line":92,"column":16},"end":{"line":92,"column":16},"skip":true},{"start":{"line":92,"column":16},"end":{"line":92,"column":16},"skip":true}]},"13":{"line":108,"type":"if","locations":[{"start":{"line":108,"column":12},"end":{"line":108,"column":12},"skip":true},{"start":{"line":108,"column":12},"end":{"line":108,"column":12},"skip":true}]},"14":{"line":108,"type":"binary-expr","locations":[{"start":{"line":108,"column":16},"end":{"line":108,"column":61},"skip":true},{"start":{"line":108,"column":66},"end":{"line":108,"column":72},"skip":true},{"start":{"line":108,"column":77},"end":{"line":108,"column":82},"skip":true},{"start":{"line":109,"column":20},"end":{"line":109,"column":39},"skip":true},{"start":{"line":110,"column":20},"end":{"line":110,"column":49},"skip":true},{"start":{"line":111,"column":20},"end":{"line":111,"column":58},"skip":true},{"start":{"line":112,"column":20},"end":{"line":112,"column":68},"skip":true}]},"15":{"line":129,"type":"if","locations":[{"start":{"line":129,"column":16},"end":{"line":129,"column":16},"skip":true},{"start":{"line":129,"column":16},"end":{"line":129,"column":16},"skip":true}]},"16":{"line":134,"type":"cond-expr","locations":[{"start":{"line":135,"column":26},"end":{"line":135,"column":29},"skip":true},{"start":{"line":136,"column":26},"end":{"line":136,"column":54},"skip":true}]},"17":{"line":164,"type":"binary-expr","locations":[{"start":{"line":164,"column":27},"end":{"line":164,"column":43},"skip":true},{"start":{"line":164,"column":47},"end":{"line":164,"column":49},"skip":true}]},"18":{"line":258,"type":"if","locations":[{"start":{"line":258,"column":8},"end":{"line":258,"column":8},"skip":true},{"start":{"line":258,"column":8},"end":{"line":258,"column":8},"skip":true}]},"19":{"line":275,"type":"switch","locations":[{"start":{"line":276,"column":20},"end":{"line":277,"column":64},"skip":true},{"start":{"line":278,"column":20},"end":{"line":279,"column":40},"skip":true},{"start":{"line":280,"column":20},"end":{"line":281,"column":40},"skip":true},{"start":{"line":282,"column":20},"end":{"line":283,"column":39},"skip":true}]},"20":{"line":288,"type":"if","locations":[{"start":{"line":288,"column":8},"end":{"line":288,"column":8},"skip":true},{"start":{"line":288,"column":8},"end":{"line":288,"column":8},"skip":true}]},"21":{"line":288,"type":"binary-expr","locations":[{"start":{"line":288,"column":12},"end":{"line":288,"column":40},"skip":true},{"start":{"line":288,"column":44},"end":{"line":288,"column":67},"skip":true}]},"22":{"line":292,"type":"binary-expr","locations":[{"start":{"line":292,"column":12},"end":{"line":292,"column":50},"skip":true},{"start":{"line":293,"column":12},"end":{"line":293,"column":53},"skip":true}]},"23":{"line":297,"type":"binary-expr","locations":[{"start":{"line":297,"column":12},"end":{"line":297,"column":62},"skip":true},{"start":{"line":298,"column":12},"end":{"line":301,"column":36},"skip":true}]},"24":{"line":303,"type":"binary-expr","locations":[{"start":{"line":303,"column":43},"end":{"line":303,"column":75},"skip":true},{"start":{"line":303,"column":79},"end":{"line":303,"column":81},"skip":true}]},"25":{"line":306,"type":"if","locations":[{"start":{"line":306,"column":8},"end":{"line":306,"column":8},"skip":true},{"start":{"line":306,"column":8},"end":{"line":306,"column":8},"skip":true}]},"26":{"line":310,"type":"if","locations":[{"start":{"line":310,"column":8},"end":{"line":310,"column":8},"skip":true},{"start":{"line":310,"column":8},"end":{"line":310,"column":8},"skip":true}]},"27":{"line":313,"type":"binary-expr","locations":[{"start":{"line":313,"column":27},"end":{"line":313,"column":43},"skip":true},{"start":{"line":313,"column":47},"end":{"line":313,"column":53},"skip":true}]},"28":{"line":317,"type":"if","locations":[{"start":{"line":317,"column":12},"end":{"line":317,"column":12},"skip":true},{"start":{"line":317,"column":12},"end":{"line":317,"column":12},"skip":true}]}},"code":["/*","example.js","","quickstart example","","instruction","    1. save this script as example.js","    2. run the shell command:","        $ npm install npmtest-faye && PORT=8081 node example.js","    3. play with the browser-demo on http://127.0.0.1:8081","*/","","","","/* istanbul instrument in package npmtest_faye */","/*jslint","    bitwise: true,","    browser: true,","    maxerr: 8,","    maxlen: 96,","    node: true,","    nomen: true,","    regexp: true,","    stupid: true","*/","(function () {","    'use strict';","    var local;","","","","    // run shared js-env code - pre-init","    (function () {","        // init local","        local = {};","        // init modeJs","        local.modeJs = (function () {","            try {","                return typeof navigator.userAgent === 'string' &&","                    typeof document.querySelector('body') === 'object' &&","                    typeof XMLHttpRequest.prototype.open === 'function' &&","                    'browser';","            } catch (errorCaughtBrowser) {","                return module.exports &&","                    typeof process.versions.node === 'string' &&","                    typeof require('http').createServer === 'function' &&","                    'node';","            }","        }());","        // init global","        local.global = local.modeJs === 'browser'","            ? window","            : global;","        // init utility2_rollup","        local = local.global.utility2_rollup || (local.modeJs === 'browser'","            ? local.global.utility2_npmtest_faye","            : global.utility2_moduleExports);","        // export local","        local.global.local = local;","    }());","    switch (local.modeJs) {","","","","    // post-init","    // run browser js-env code - post-init","    /* istanbul ignore next */","    case 'browser':","        local.testRunBrowser = function (event) {","            if (!event || (event &&","                    event.currentTarget &&","                    event.currentTarget.className &&","                    event.currentTarget.className.includes &&","                    event.currentTarget.className.includes('onreset'))) {","                // reset output","                Array.from(","                    document.querySelectorAll('body > .resettable')","                ).forEach(function (element) {","                    switch (element.tagName) {","                    case 'INPUT':","                    case 'TEXTAREA':","                        element.value = '';","                        break;","                    default:","                        element.textContent = '';","                    }","                });","            }","            switch (event && event.currentTarget && event.currentTarget.id) {","            case 'testRunButton1':","                // show tests","                if (document.querySelector('#testReportDiv1').style.display === 'none') {","                    document.querySelector('#testReportDiv1').style.display = 'block';","                    document.querySelector('#testRunButton1').textContent =","                        'hide internal test';","                    local.modeTest = true;","                    local.testRunDefault(local);","                // hide tests","                } else {","                    document.querySelector('#testReportDiv1').style.display = 'none';","                    document.querySelector('#testRunButton1').textContent = 'run internal test';","                }","                break;","            // custom-case","            default:","                break;","            }","            if (document.querySelector('#inputTextareaEval1') && (!event || (event &&","                    event.currentTarget &&","                    event.currentTarget.className &&","                    event.currentTarget.className.includes &&","                    event.currentTarget.className.includes('oneval')))) {","                // try to eval input-code","                try {","                    /*jslint evil: true*/","                    eval(document.querySelector('#inputTextareaEval1').value);","                } catch (errorCaught) {","                    console.error(errorCaught);","                }","            }","        };","        // log stderr and stdout to #outputTextareaStdout1","        ['error', 'log'].forEach(function (key) {","            console[key + '_original'] = console[key];","            console[key] = function () {","                var element;","                console[key + '_original'].apply(console, arguments);","                element = document.querySelector('#outputTextareaStdout1');","                if (!element) {","                    return;","                }","                // append text to #outputTextareaStdout1","                element.value += Array.from(arguments).map(function (arg) {","                    return typeof arg === 'string'","                        ? arg","                        : JSON.stringify(arg, null, 4);","                }).join(' ') + '\\n';","                // scroll textarea to bottom","                element.scrollTop = element.scrollHeight;","            };","        });","        // init event-handling","        ['change', 'click', 'keyup'].forEach(function (event) {","            Array.from(document.querySelectorAll('.on' + event)).forEach(function (element) {","                element.addEventListener(event, local.testRunBrowser);","            });","        });","        // run tests","        local.testRunBrowser();","        break;","","","","    // run node js-env code - post-init","    /* istanbul ignore next */","    case 'node':","        // export local","        module.exports = local;","        // require modules","        local.fs = require('fs');","        local.http = require('http');","        local.url = require('url');","        // init assets","        local.assetsDict = local.assetsDict || {};","        /* jslint-ignore-begin */","        local.assetsDict['/assets.index.template.html'] = '\\","<!doctype html>\\n\\","<html lang=\"en\">\\n\\","<head>\\n\\","<meta charset=\"UTF-8\">\\n\\","<meta name=\"viewport\" content=\"width=device-width, initial-scale=1\">\\n\\","<title>{{env.npm_package_name}} (v{{env.npm_package_version}})</title>\\n\\","<style>\\n\\","/*csslint\\n\\","    box-sizing: false,\\n\\","    universal-selector: false\\n\\","*/\\n\\","* {\\n\\","    box-sizing: border-box;\\n\\","}\\n\\","body {\\n\\","    background: #dde;\\n\\","    font-family: Arial, Helvetica, sans-serif;\\n\\","    margin: 2rem;\\n\\","}\\n\\","body > * {\\n\\","    margin-bottom: 1rem;\\n\\","}\\n\\",".utility2FooterDiv {\\n\\","    margin-top: 20px;\\n\\","    text-align: center;\\n\\","}\\n\\","</style>\\n\\","<style>\\n\\","/*csslint\\n\\","*/\\n\\","textarea {\\n\\","    font-family: monospace;\\n\\","    height: 10rem;\\n\\","    width: 100%;\\n\\","}\\n\\","textarea[readonly] {\\n\\","    background: #ddd;\\n\\","}\\n\\","</style>\\n\\","</head>\\n\\","<body>\\n\\","<!-- utility2-comment\\n\\","<div id=\"ajaxProgressDiv1\" style=\"background: #d00; height: 2px; left: 0; margin: 0; padding: 0; position: fixed; top: 0; transition: background 0.5s, width 1.5s; width: 25%;\"></div>\\n\\","utility2-comment -->\\n\\","<h1>\\n\\","<!-- utility2-comment\\n\\","    <a\\n\\","        {{#if env.npm_package_homepage}}\\n\\","        href=\"{{env.npm_package_homepage}}\"\\n\\","        {{/if env.npm_package_homepage}}\\n\\","        target=\"_blank\"\\n\\","    >\\n\\","utility2-comment -->\\n\\","        {{env.npm_package_name}} (v{{env.npm_package_version}})\\n\\","<!-- utility2-comment\\n\\","    </a>\\n\\","utility2-comment -->\\n\\","</h1>\\n\\","<h3>{{env.npm_package_description}}</h3>\\n\\","<!-- utility2-comment\\n\\","<h4><a download href=\"assets.app.js\">download standalone app</a></h4>\\n\\","<button class=\"onclick onreset\" id=\"testRunButton1\">run internal test</button><br>\\n\\","<div id=\"testReportDiv1\" style=\"display: none;\"></div>\\n\\","utility2-comment -->\\n\\","\\n\\","\\n\\","\\n\\","<label>stderr and stdout</label>\\n\\","<textarea class=\"resettable\" id=\"outputTextareaStdout1\" readonly></textarea>\\n\\","<!-- utility2-comment\\n\\","{{#if isRollup}}\\n\\","<script src=\"assets.app.js\"></script>\\n\\","{{#unless isRollup}}\\n\\","utility2-comment -->\\n\\","<script src=\"assets.utility2.rollup.js\"></script>\\n\\","<script src=\"jsonp.utility2._stateInit?callback=window.utility2._stateInit\"></script>\\n\\","<script src=\"assets.npmtest_faye.rollup.js\"></script>\\n\\","<script src=\"assets.example.js\"></script>\\n\\","<script src=\"assets.test.js\"></script>\\n\\","<!-- utility2-comment\\n\\","{{/if isRollup}}\\n\\","utility2-comment -->\\n\\","<div class=\"utility2FooterDiv\">\\n\\","    [ this app was created with\\n\\","    <a href=\"https://github.com/kaizhu256/node-utility2\" target=\"_blank\">utility2</a>\\n\\","    ]\\n\\","</div>\\n\\","</body>\\n\\","</html>\\n\\","';","        /* jslint-ignore-end */","        if (local.templateRender) {","            local.assetsDict['/'] = local.templateRender(","                local.assetsDict['/assets.index.template.html'],","                {","                    env: local.objectSetDefault(local.env, {","                        npm_package_description: 'the greatest app in the world!',","                        npm_package_name: 'my-app',","                        npm_package_nameAlias: 'my_app',","                        npm_package_version: '0.0.1'","                    })","                }","            );","        } else {","            local.assetsDict['/'] = local.assetsDict['/assets.index.template.html']","                .replace((/\\{\\{env\\.(\\w+?)\\}\\}/g), function (match0, match1) {","                    // jslint-hack","                    String(match0);","                    switch (match1) {","                    case 'npm_package_description':","                        return 'the greatest app in the world!';","                    case 'npm_package_name':","                        return 'my-app';","                    case 'npm_package_nameAlias':","                        return 'my_app';","                    case 'npm_package_version':","                        return '0.0.1';","                    }","                });","        }","        // run the cli","        if (local.global.utility2_rollup || module !== require.main) {","            break;","        }","        local.assetsDict['/assets.example.js'] =","            local.assetsDict['/assets.example.js'] ||","            local.fs.readFileSync(__filename, 'utf8');","        // bug-workaround - long $npm_package_buildCustomOrg","        /* jslint-ignore-begin */","        local.assetsDict['/assets.npmtest_faye.rollup.js'] =","            local.assetsDict['/assets.npmtest_faye.rollup.js'] ||","            local.fs.readFileSync(","                local.npmtest_faye.__dirname + '/lib.npmtest_faye.js',","                'utf8'","            ).replace((/^#!/), '//');","        /* jslint-ignore-end */","        local.assetsDict['/favicon.ico'] = local.assetsDict['/favicon.ico'] || '';","        // if $npm_config_timeout_exit exists,","        // then exit this process after $npm_config_timeout_exit ms","        if (Number(process.env.npm_config_timeout_exit)) {","            setTimeout(process.exit, Number(process.env.npm_config_timeout_exit));","        }","        // start server","        if (local.global.utility2_serverHttp1) {","            break;","        }","        process.env.PORT = process.env.PORT || '8081';","        console.error('server starting on port ' + process.env.PORT);","        local.http.createServer(function (request, response) {","            request.urlParsed = local.url.parse(request.url);","            if (local.assetsDict[request.urlParsed.pathname] !== undefined) {","                response.end(local.assetsDict[request.urlParsed.pathname]);","                return;","            }","            response.statusCode = 404;","            response.end();","        }).listen(process.env.PORT);","        break;","    }","}());",""],"l":{"26":2,"28":2,"33":2,"35":2,"37":2,"38":2,"39":2,"44":1,"51":2,"55":2,"59":2,"61":2,"69":1,"70":2,"76":2,"79":2,"82":2,"83":2,"85":1,"89":2,"92":1,"93":1,"94":1,"96":1,"97":1,"100":1,"101":1,"103":1,"106":1,"108":2,"114":1,"116":1,"118":1,"123":1,"124":2,"125":2,"126":3,"127":3,"128":3,"129":3,"130":1,"133":3,"134":3,"139":3,"143":1,"144":3,"145":1,"149":1,"150":1,"158":1,"160":1,"161":1,"162":1,"164":1,"166":1,"258":1,"259":1,"271":1,"274":6,"275":6,"277":1,"279":2,"281":1,"283":2,"288":1,"289":1,"291":1,"296":1,"303":1,"306":1,"307":1,"310":1,"311":1,"313":1,"314":1,"315":1,"316":1,"317":1,"318":1,"319":1,"321":1,"322":1,"324":1}},"/home/travis/build/npmtest/node-npmtest-faye/node_modules/faye/src/faye_node.js":{"path":"/home/travis/build/npmtest/node-npmtest-faye/node_modules/faye/src/faye_node.js","s":{"1":1,"2":1,"3":1,"4":1},"b":{},"f":{},"fnMap":{},"statementMap":{"1":{"start":{"line":3,"column":0},"end":{"line":4,"column":44}},"2":{"start":{"line":6,"column":0},"end":{"line":12,"column":2}},"3":{"start":{"line":14,"column":0},"end":{"line":14,"column":23}},"4":{"start":{"line":16,"column":0},"end":{"line":16,"column":22}}},"branchMap":{},"code":["'use strict';","","var constants = require('./util/constants'),","    Logging   = require('./mixins/logging');","","var Faye = {","  VERSION:      constants.VERSION,","","  Client:       require('./protocol/client'),","  Scheduler:    require('./protocol/scheduler'),","  NodeAdapter:  require('./adapters/node_adapter')","};","","Logging.wrapper = Faye;","","module.exports = Faye;",""],"l":{"3":1,"6":1,"14":1,"16":1}},"/home/travis/build/npmtest/node-npmtest-faye/node_modules/faye/src/util/constants.js":{"path":"/home/travis/build/npmtest/node-npmtest-faye/node_modules/faye/src/util/constants.js","s":{"1":1},"b":{},"f":{},"fnMap":{},"statementMap":{"1":{"start":{"line":1,"column":0},"end":{"line":10,"column":2}}},"branchMap":{},"code":["module.exports = {","  VERSION:          '1.2.4',","","  BAYEUX_VERSION:   '1.0',","  ID_LENGTH:        160,","  JSONP_CALLBACK:   'jsonpcallback',","  CONNECTION_TYPES: ['long-polling', 'cross-origin-long-polling', 'callback-polling', 'websocket', 'eventsource', 'in-process'],","","  MANDATORY_CONNECTION_TYPES: ['long-polling', 'callback-polling', 'in-process']","};",""],"l":{"1":1}},"/home/travis/build/npmtest/node-npmtest-faye/node_modules/faye/src/mixins/logging.js":{"path":"/home/travis/build/npmtest/node-npmtest-faye/node_modules/faye/src/mixins/logging.js","s":{"1":1,"2":1,"3":0,"4":0,"5":0,"6":0,"7":0,"8":0,"9":0,"10":0,"11":0,"12":0,"13":0,"14":0,"15":0,"16":0,"17":1,"18":5,"19":5,"20":0,"21":1},"b":{"1":[0,0],"2":[0,0],"3":[0,0],"4":[0,0],"5":[0,0],"6":[0,0]},"f":{"1":0,"2":0,"3":5,"4":0},"fnMap":{"1":{"name":"(anonymous_1)","line":14,"loc":{"start":{"line":14,"column":12},"end":{"line":14,"column":41}}},"2":{"name":"(anonymous_2)","line":22,"loc":{"start":{"line":22,"column":46},"end":{"line":22,"column":57}}},"3":{"name":"(anonymous_3)","line":41,"loc":{"start":{"line":41,"column":3},"end":{"line":41,"column":19}}},"4":{"name":"(anonymous_4)","line":42,"loc":{"start":{"line":42,"column":21},"end":{"line":42,"column":32}}}},"statementMap":{"1":{"start":{"line":3,"column":0},"end":{"line":3,"column":40}},"2":{"start":{"line":5,"column":0},"end":{"line":38,"column":2}},"3":{"start":{"line":15,"column":4},"end":{"line":15,"column":71}},"4":{"start":{"line":16,"column":4},"end":{"line":16,"column":24}},"5":{"start":{"line":16,"column":17},"end":{"line":16,"column":24}},"6":{"start":{"line":18,"column":4},"end":{"line":28,"column":11}},"7":{"start":{"line":23,"column":10},"end":{"line":27,"column":11}},"8":{"start":{"line":24,"column":12},"end":{"line":24,"column":40}},"9":{"start":{"line":26,"column":12},"end":{"line":26,"column":30}},"10":{"start":{"line":30,"column":4},"end":{"line":30,"column":37}},"11":{"start":{"line":30,"column":15},"end":{"line":30,"column":37}},"12":{"start":{"line":31,"column":4},"end":{"line":31,"column":19}},"13":{"start":{"line":33,"column":4},"end":{"line":36,"column":31}},"14":{"start":{"line":34,"column":6},"end":{"line":34,"column":38}},"15":{"start":{"line":35,"column":9},"end":{"line":36,"column":31}},"16":{"start":{"line":36,"column":6},"end":{"line":36,"column":31}},"17":{"start":{"line":40,"column":0},"end":{"line":45,"column":10}},"18":{"start":{"line":41,"column":2},"end":{"line":45,"column":10}},"19":{"start":{"line":42,"column":4},"end":{"line":44,"column":6}},"20":{"start":{"line":43,"column":6},"end":{"line":43,"column":38}},"21":{"start":{"line":47,"column":0},"end":{"line":47,"column":25}}},"branchMap":{"1":{"line":15,"type":"binary-expr","locations":[{"start":{"line":15,"column":17},"end":{"line":15,"column":31}},{"start":{"line":15,"column":35},"end":{"line":15,"column":70}}]},"2":{"line":15,"type":"binary-expr","locations":[{"start":{"line":15,"column":36},"end":{"line":15,"column":51}},{"start":{"line":15,"column":55},"end":{"line":15,"column":62}}]},"3":{"line":16,"type":"if","locations":[{"start":{"line":16,"column":4},"end":{"line":16,"column":4}},{"start":{"line":16,"column":4},"end":{"line":16,"column":4}}]},"4":{"line":30,"type":"if","locations":[{"start":{"line":30,"column":4},"end":{"line":30,"column":4}},{"start":{"line":30,"column":4},"end":{"line":30,"column":4}}]},"5":{"line":33,"type":"if","locations":[{"start":{"line":33,"column":4},"end":{"line":33,"column":4}},{"start":{"line":33,"column":4},"end":{"line":33,"column":4}}]},"6":{"line":35,"type":"if","locations":[{"start":{"line":35,"column":9},"end":{"line":35,"column":9}},{"start":{"line":35,"column":9},"end":{"line":35,"column":9}}]}},"code":["'use strict';","","var toJSON = require('../util/to_json');","","var Logging = {","  LOG_LEVELS: {","    fatal:  4,","    error:  3,","    warn:   2,","    info:   1,","    debug:  0","  },","","  writeLog: function(messageArgs, level) {","    var logger = Logging.logger || (Logging.wrapper || Logging).logger;","    if (!logger) return;","","    var args   = Array.prototype.slice.apply(messageArgs),","        banner = '[Faye',","        klass  = this.className,","","        message = args.shift().replace(/\\?/g, function() {","          try {","            return toJSON(args.shift());","          } catch (error) {","            return '[Object]';","          }","        });","","    if (klass) banner += '.' + klass;","    banner += '] ';","","    if (typeof logger[level] === 'function')","      logger[level](banner + message);","    else if (typeof logger === 'function')","      logger(banner + message);","  }","};","","for (var key in Logging.LOG_LEVELS)","  (function(level) {","    Logging[level] = function() {","      this.writeLog(arguments, level);","    };","  })(key);","","module.exports = Logging;",""],"l":{"3":1,"5":1,"15":0,"16":0,"18":0,"23":0,"24":0,"26":0,"30":0,"31":0,"33":0,"34":0,"35":0,"36":0,"40":1,"41":5,"42":5,"43":0,"47":1}},"/home/travis/build/npmtest/node-npmtest-faye/node_modules/faye/src/util/to_json.js":{"path":"/home/travis/build/npmtest/node-npmtest-faye/node_modules/faye/src/util/to_json.js","s":{"1":1,"2":0,"3":0},"b":{"1":[0,0]},"f":{"1":0,"2":0},"fnMap":{"1":{"name":"(anonymous_1)","line":5,"loc":{"start":{"line":5,"column":17},"end":{"line":5,"column":34}}},"2":{"name":"(anonymous_2)","line":6,"loc":{"start":{"line":6,"column":32},"end":{"line":6,"column":53}}}},"statementMap":{"1":{"start":{"line":5,"column":0},"end":{"line":9,"column":2}},"2":{"start":{"line":6,"column":2},"end":{"line":8,"column":5}},"3":{"start":{"line":7,"column":4},"end":{"line":7,"column":60}}},"branchMap":{"1":{"line":7,"type":"cond-expr","locations":[{"start":{"line":7,"column":42},"end":{"line":7,"column":51}},{"start":{"line":7,"column":54},"end":{"line":7,"column":59}}]}},"code":["'use strict';","","// http://assanka.net/content/tech/2009/09/02/json2-js-vs-prototype/","","module.exports = function(object) {","  return JSON.stringify(object, function(key, value) {","    return (this[key] instanceof Array) ? this[key] : value;","  });","};",""],"l":{"5":1,"6":0,"7":0}},"/home/travis/build/npmtest/node-npmtest-faye/node_modules/faye/src/protocol/client.js":{"path":"/home/travis/build/npmtest/node-npmtest-faye/node_modules/faye/src/protocol/client.js","s":{"1":1,"2":1,"3":0,"4":0,"5":0,"6":0,"7":0,"8":0,"9":0,"10":0,"11":0,"12":0,"13":0,"14":0,"15":0,"16":0,"17":0,"18":0,"19":0,"20":0,"21":0,"22":0,"23":0,"24":0,"25":0,"26":0,"27":0,"28":0,"29":0,"30":0,"31":0,"32":0,"33":0,"34":0,"35":0,"36":0,"37":0,"38":0,"39":0,"40":0,"41":0,"42":0,"43":0,"44":0,"45":0,"46":0,"47":0,"48":0,"49":0,"50":0,"51":0,"52":0,"53":0,"54":0,"55":0,"56":0,"57":0,"58":0,"59":0,"60":0,"61":0,"62":0,"63":0,"64":0,"65":0,"66":0,"67":0,"68":0,"69":0,"70":0,"71":0,"72":0,"73":0,"74":0,"75":0,"76":0,"77":0,"78":0,"79":0,"80":0,"81":0,"82":0,"83":0,"84":0,"85":0,"86":0,"87":0,"88":0,"89":0,"90":0,"91":0,"92":0,"93":0,"94":0,"95":0,"96":0,"97":0,"98":0,"99":0,"100":0,"101":0,"102":0,"103":0,"104":0,"105":0,"106":0,"107":0,"108":0,"109":0,"110":0,"111":0,"112":0,"113":0,"114":0,"115":0,"116":0,"117":0,"118":0,"119":0,"120":0,"121":0,"122":0,"123":0,"124":0,"125":0,"126":0,"127":0,"128":0,"129":0,"130":0,"131":0,"132":0,"133":0,"134":0,"135":0,"136":0,"137":0,"138":0,"139":0,"140":0,"141":0,"142":0,"143":0,"144":0,"145":0,"146":0,"147":0,"148":0,"149":0,"150":0,"151":0,"152":0,"153":0,"154":0,"155":0,"156":1,"157":1,"158":1,"159":1,"160":1},"b":{"1":[0,0],"2":[0,0],"3":[0,0],"4":[0,0],"5":[0,0],"6":[0,0],"7":[0,0],"8":[0,0],"9":[0,0],"10":[0,0],"11":[0,0],"12":[0,0],"13":[0,0],"14":[0,0],"15":[0,0],"16":[0,0],"17":[0,0],"18":[0,0],"19":[0,0],"20":[0,0],"21":[0,0],"22":[0,0],"23":[0,0],"24":[0,0],"25":[0,0],"26":[0,0],"27":[0,0],"28":[0,0],"29":[0,0],"30":[0,0],"31":[0,0],"32":[0,0],"33":[0,0],"34":[0,0],"35":[0,0],"36":[0,0],"37":[0,0],"38":[0,0],"39":[0,0],"40":[0,0],"41":[0,0],"42":[0,0]},"f":{"1":0,"2":0,"3":0,"4":0,"5":0,"6":0,"7":0,"8":0,"9":0,"10":0,"11":0,"12":0,"13":0,"14":0,"15":0,"16":0,"17":0,"18":0,"19":0,"20":0,"21":0,"22":0,"23":0,"24":0,"25":0,"26":0,"27":0,"28":0,"29":0,"30":0,"31":0,"32":0,"33":0},"fnMap":{"1":{"name":"(anonymous_1)","line":37,"loc":{"start":{"line":37,"column":14},"end":{"line":37,"column":42}}},"2":{"name":"(anonymous_2)","line":61,"loc":{"start":{"line":61,"column":47},"end":{"line":61,"column":58}}},"3":{"name":"(anonymous_3)","line":67,"loc":{"start":{"line":67,"column":25},"end":{"line":67,"column":45}}},"4":{"name":"(anonymous_4)","line":71,"loc":{"start":{"line":71,"column":11},"end":{"line":71,"column":29}}},"5":{"name":"(anonymous_5)","line":75,"loc":{"start":{"line":75,"column":13},"end":{"line":75,"column":35}}},"6":{"name":"(anonymous_6)","line":98,"loc":{"start":{"line":98,"column":13},"end":{"line":98,"column":41}}},"7":{"name":"(anonymous_7)","line":113,"loc":{"start":{"line":113,"column":11},"end":{"line":113,"column":30}}},"8":{"name":"(anonymous_8)","line":124,"loc":{"start":{"line":124,"column":27},"end":{"line":124,"column":38}}},"9":{"name":"(anonymous_9)","line":128,"loc":{"start":{"line":128,"column":26},"end":{"line":128,"column":37}}},"10":{"name":"(anonymous_10)","line":143,"loc":{"start":{"line":143,"column":11},"end":{"line":143,"column":39}}},"11":{"name":"(anonymous_11)","line":148,"loc":{"start":{"line":148,"column":28},"end":{"line":148,"column":39}}},"12":{"name":"(anonymous_12)","line":177,"loc":{"start":{"line":177,"column":14},"end":{"line":177,"column":25}}},"13":{"name":"(anonymous_13)","line":188,"loc":{"start":{"line":188,"column":11},"end":{"line":188,"column":30}}},"14":{"name":"(anonymous_14)","line":213,"loc":{"start":{"line":213,"column":13},"end":{"line":213,"column":50}}},"15":{"name":"(anonymous_15)","line":215,"loc":{"start":{"line":215,"column":32},"end":{"line":215,"column":44}}},"16":{"name":"(anonymous_16)","line":229,"loc":{"start":{"line":229,"column":17},"end":{"line":229,"column":28}}},"17":{"name":"(anonymous_17)","line":238,"loc":{"start":{"line":238,"column":13},"end":{"line":238,"column":32}}},"18":{"name":"(anonymous_18)","line":263,"loc":{"start":{"line":263,"column":15},"end":{"line":263,"column":47}}},"19":{"name":"(anonymous_19)","line":265,"loc":{"start":{"line":265,"column":32},"end":{"line":265,"column":44}}},"20":{"name":"(anonymous_20)","line":272,"loc":{"start":{"line":272,"column":17},"end":{"line":272,"column":28}}},"21":{"name":"(anonymous_21)","line":280,"loc":{"start":{"line":280,"column":13},"end":{"line":280,"column":32}}},"22":{"name":"(anonymous_22)","line":295,"loc":{"start":{"line":295,"column":11},"end":{"line":295,"column":44}}},"23":{"name":"(anonymous_23)","line":299,"loc":{"start":{"line":299,"column":17},"end":{"line":299,"column":28}}},"24":{"name":"(anonymous_24)","line":307,"loc":{"start":{"line":307,"column":18},"end":{"line":307,"column":37}}},"25":{"name":"(anonymous_25)","line":318,"loc":{"start":{"line":318,"column":16},"end":{"line":318,"column":62}}},"26":{"name":"(anonymous_26)","line":325,"loc":{"start":{"line":325,"column":58},"end":{"line":325,"column":76}}},"27":{"name":"(anonymous_27)","line":332,"loc":{"start":{"line":332,"column":22},"end":{"line":332,"column":33}}},"28":{"name":"(anonymous_28)","line":338,"loc":{"start":{"line":338,"column":19},"end":{"line":338,"column":37}}},"29":{"name":"(anonymous_29)","line":346,"loc":{"start":{"line":346,"column":58},"end":{"line":346,"column":76}}},"30":{"name":"(anonymous_30)","line":354,"loc":{"start":{"line":354,"column":17},"end":{"line":354,"column":34}}},"31":{"name":"(anonymous_31)","line":365,"loc":{"start":{"line":365,"column":19},"end":{"line":365,"column":37}}},"32":{"name":"(anonymous_32)","line":371,"loc":{"start":{"line":371,"column":20},"end":{"line":371,"column":31}}},"33":{"name":"(anonymous_33)","line":377,"loc":{"start":{"line":377,"column":22},"end":{"line":377,"column":33}}}},"statementMap":{"1":{"start":{"line":3,"column":0},"end":{"line":20,"column":48}},"2":{"start":{"line":22,"column":0},"end":{"line":379,"column":3}},"3":{"start":{"line":38,"column":4},"end":{"line":38,"column":52}},"4":{"start":{"line":39,"column":4},"end":{"line":39,"column":28}},"5":{"start":{"line":41,"column":4},"end":{"line":41,"column":134}},"6":{"start":{"line":43,"column":4},"end":{"line":43,"column":41}},"7":{"start":{"line":44,"column":4},"end":{"line":44,"column":91}},"8":{"start":{"line":46,"column":4},"end":{"line":46,"column":24}},"9":{"start":{"line":47,"column":4},"end":{"line":47,"column":39}},"10":{"start":{"line":49,"column":4},"end":{"line":49,"column":33}},"11":{"start":{"line":51,"column":4},"end":{"line":55,"column":6}},"12":{"start":{"line":56,"column":4},"end":{"line":56,"column":59}},"13":{"start":{"line":58,"column":4},"end":{"line":58,"column":65}},"14":{"start":{"line":60,"column":4},"end":{"line":64,"column":15}},"15":{"start":{"line":61,"column":6},"end":{"line":64,"column":15}},"16":{"start":{"line":62,"column":8},"end":{"line":63,"column":28}},"17":{"start":{"line":63,"column":10},"end":{"line":63,"column":28}},"18":{"start":{"line":68,"column":4},"end":{"line":68,"column":61}},"19":{"start":{"line":72,"column":4},"end":{"line":72,"column":45}},"20":{"start":{"line":76,"column":4},"end":{"line":76,"column":51}},"21":{"start":{"line":99,"column":4},"end":{"line":99,"column":53}},"22":{"start":{"line":99,"column":46},"end":{"line":99,"column":53}},"23":{"start":{"line":100,"column":4},"end":{"line":100,"column":49}},"24":{"start":{"line":100,"column":42},"end":{"line":100,"column":49}},"25":{"start":{"line":102,"column":4},"end":{"line":102,"column":34}},"26":{"start":{"line":103,"column":4},"end":{"line":103,"column":20}},"27":{"start":{"line":105,"column":4},"end":{"line":105,"column":87}},"28":{"start":{"line":106,"column":4},"end":{"line":106,"column":75}},"29":{"start":{"line":108,"column":4},"end":{"line":131,"column":13}},"30":{"start":{"line":115,"column":6},"end":{"line":130,"column":7}},"31":{"start":{"line":116,"column":8},"end":{"line":116,"column":37}},"32":{"start":{"line":117,"column":8},"end":{"line":117,"column":55}},"33":{"start":{"line":119,"column":8},"end":{"line":119,"column":76}},"34":{"start":{"line":121,"column":8},"end":{"line":121,"column":72}},"35":{"start":{"line":123,"column":8},"end":{"line":123,"column":55}},"36":{"start":{"line":124,"column":8},"end":{"line":124,"column":66}},"37":{"start":{"line":124,"column":22},"end":{"line":124,"column":66}},"38":{"start":{"line":124,"column":40},"end":{"line":124,"column":63}},"39":{"start":{"line":127,"column":8},"end":{"line":127,"column":44}},"40":{"start":{"line":128,"column":8},"end":{"line":128,"column":107}},"41":{"start":{"line":128,"column":39},"end":{"line":128,"column":73}},"42":{"start":{"line":129,"column":8},"end":{"line":129,"column":39}},"43":{"start":{"line":144,"column":4},"end":{"line":144,"column":53}},"44":{"start":{"line":144,"column":46},"end":{"line":144,"column":53}},"45":{"start":{"line":145,"column":4},"end":{"line":145,"column":50}},"46":{"start":{"line":145,"column":43},"end":{"line":145,"column":50}},"47":{"start":{"line":147,"column":4},"end":{"line":148,"column":82}},"48":{"start":{"line":148,"column":6},"end":{"line":148,"column":82}},"49":{"start":{"line":148,"column":41},"end":{"line":148,"column":73}},"50":{"start":{"line":150,"column":4},"end":{"line":150,"column":37}},"51":{"start":{"line":151,"column":4},"end":{"line":151,"column":47}},"52":{"start":{"line":151,"column":40},"end":{"line":151,"column":47}},"53":{"start":{"line":153,"column":4},"end":{"line":153,"column":75}},"54":{"start":{"line":154,"column":4},"end":{"line":154,"column":40}},"55":{"start":{"line":155,"column":4},"end":{"line":155,"column":38}},"56":{"start":{"line":157,"column":4},"end":{"line":157,"column":37}},"57":{"start":{"line":157,"column":30},"end":{"line":157,"column":37}},"58":{"start":{"line":158,"column":4},"end":{"line":158,"column":32}},"59":{"start":{"line":160,"column":4},"end":{"line":160,"column":72}},"60":{"start":{"line":162,"column":4},"end":{"line":167,"column":40}},"61":{"start":{"line":178,"column":4},"end":{"line":178,"column":47}},"62":{"start":{"line":178,"column":40},"end":{"line":178,"column":47}},"63":{"start":{"line":179,"column":4},"end":{"line":179,"column":36}},"64":{"start":{"line":181,"column":4},"end":{"line":181,"column":60}},"65":{"start":{"line":182,"column":4},"end":{"line":182,"column":36}},"66":{"start":{"line":184,"column":4},"end":{"line":195,"column":13}},"67":{"start":{"line":189,"column":6},"end":{"line":194,"column":7}},"68":{"start":{"line":190,"column":8},"end":{"line":190,"column":33}},"69":{"start":{"line":191,"column":8},"end":{"line":191,"column":47}},"70":{"start":{"line":193,"column":8},"end":{"line":193,"column":73}},"71":{"start":{"line":197,"column":4},"end":{"line":197,"column":77}},"72":{"start":{"line":198,"column":4},"end":{"line":198,"column":39}},"73":{"start":{"line":200,"column":4},"end":{"line":200,"column":19}},"74":{"start":{"line":214,"column":4},"end":{"line":217,"column":15}},"75":{"start":{"line":215,"column":6},"end":{"line":217,"column":15}},"76":{"start":{"line":216,"column":8},"end":{"line":216,"column":52}},"77":{"start":{"line":219,"column":4},"end":{"line":221,"column":63}},"78":{"start":{"line":223,"column":4},"end":{"line":227,"column":5}},"79":{"start":{"line":224,"column":6},"end":{"line":224,"column":56}},"80":{"start":{"line":225,"column":6},"end":{"line":225,"column":50}},"81":{"start":{"line":226,"column":6},"end":{"line":226,"column":26}},"82":{"start":{"line":229,"column":4},"end":{"line":248,"column":13}},"83":{"start":{"line":230,"column":6},"end":{"line":230,"column":93}},"84":{"start":{"line":231,"column":6},"end":{"line":231,"column":68}},"85":{"start":{"line":231,"column":18},"end":{"line":231,"column":68}},"86":{"start":{"line":233,"column":6},"end":{"line":247,"column":15}},"87":{"start":{"line":239,"column":8},"end":{"line":242,"column":9}},"88":{"start":{"line":240,"column":10},"end":{"line":240,"column":80}},"89":{"start":{"line":241,"column":10},"end":{"line":241,"column":67}},"90":{"start":{"line":244,"column":8},"end":{"line":244,"column":56}},"91":{"start":{"line":245,"column":8},"end":{"line":245,"column":95}},"92":{"start":{"line":246,"column":8},"end":{"line":246,"column":52}},"93":{"start":{"line":250,"column":4},"end":{"line":250,"column":24}},"94":{"start":{"line":264,"column":4},"end":{"line":267,"column":15}},"95":{"start":{"line":265,"column":6},"end":{"line":267,"column":15}},"96":{"start":{"line":266,"column":8},"end":{"line":266,"column":49}},"97":{"start":{"line":269,"column":4},"end":{"line":269,"column":65}},"98":{"start":{"line":270,"column":4},"end":{"line":270,"column":22}},"99":{"start":{"line":270,"column":15},"end":{"line":270,"column":22}},"100":{"start":{"line":272,"column":4},"end":{"line":286,"column":13}},"101":{"start":{"line":273,"column":6},"end":{"line":273,"column":97}},"102":{"start":{"line":275,"column":6},"end":{"line":285,"column":15}},"103":{"start":{"line":281,"column":8},"end":{"line":281,"column":41}},"104":{"start":{"line":281,"column":34},"end":{"line":281,"column":41}},"105":{"start":{"line":283,"column":8},"end":{"line":283,"column":56}},"106":{"start":{"line":284,"column":8},"end":{"line":284,"column":99}},"107":{"start":{"line":296,"column":4},"end":{"line":296,"column":61}},"108":{"start":{"line":297,"column":4},"end":{"line":297,"column":40}},"109":{"start":{"line":299,"column":4},"end":{"line":313,"column":13}},"110":{"start":{"line":300,"column":6},"end":{"line":300,"column":105}},"111":{"start":{"line":302,"column":6},"end":{"line":312,"column":15}},"112":{"start":{"line":308,"column":8},"end":{"line":311,"column":79}},"113":{"start":{"line":309,"column":10},"end":{"line":309,"column":53}},"114":{"start":{"line":311,"column":10},"end":{"line":311,"column":79}},"115":{"start":{"line":315,"column":4},"end":{"line":315,"column":23}},"116":{"start":{"line":319,"column":4},"end":{"line":319,"column":43}},"117":{"start":{"line":321,"column":4},"end":{"line":323,"column":47}},"118":{"start":{"line":325,"column":4},"end":{"line":329,"column":13}},"119":{"start":{"line":326,"column":6},"end":{"line":326,"column":27}},"120":{"start":{"line":326,"column":20},"end":{"line":326,"column":27}},"121":{"start":{"line":327,"column":6},"end":{"line":327,"column":78}},"122":{"start":{"line":327,"column":20},"end":{"line":327,"column":78}},"123":{"start":{"line":328,"column":6},"end":{"line":328,"column":68}},"124":{"start":{"line":333,"column":4},"end":{"line":333,"column":25}},"125":{"start":{"line":334,"column":4},"end":{"line":334,"column":63}},"126":{"start":{"line":334,"column":43},"end":{"line":334,"column":63}},"127":{"start":{"line":335,"column":4},"end":{"line":335,"column":40}},"128":{"start":{"line":339,"column":4},"end":{"line":339,"column":34}},"129":{"start":{"line":341,"column":4},"end":{"line":344,"column":5}},"130":{"start":{"line":342,"column":6},"end":{"line":342,"column":45}},"131":{"start":{"line":343,"column":6},"end":{"line":343,"column":41}},"132":{"start":{"line":346,"column":4},"end":{"line":351,"column":13}},"133":{"start":{"line":347,"column":6},"end":{"line":347,"column":27}},"134":{"start":{"line":347,"column":20},"end":{"line":347,"column":27}},"135":{"start":{"line":348,"column":6},"end":{"line":348,"column":61}},"136":{"start":{"line":348,"column":26},"end":{"line":348,"column":61}},"137":{"start":{"line":349,"column":6},"end":{"line":349,"column":36}},"138":{"start":{"line":350,"column":6},"end":{"line":350,"column":59}},"139":{"start":{"line":350,"column":20},"end":{"line":350,"column":59}},"140":{"start":{"line":355,"column":4},"end":{"line":355,"column":33}},"141":{"start":{"line":356,"column":4},"end":{"line":356,"column":59}},"142":{"start":{"line":358,"column":4},"end":{"line":362,"column":5}},"143":{"start":{"line":359,"column":6},"end":{"line":359,"column":37}},"144":{"start":{"line":360,"column":6},"end":{"line":360,"column":39}},"145":{"start":{"line":361,"column":6},"end":{"line":361,"column":30}},"146":{"start":{"line":366,"column":4},"end":{"line":366,"column":63}},"147":{"start":{"line":366,"column":56},"end":{"line":366,"column":63}},"148":{"start":{"line":367,"column":4},"end":{"line":367,"column":115}},"149":{"start":{"line":368,"column":4},"end":{"line":368,"column":46}},"150":{"start":{"line":372,"column":4},"end":{"line":375,"column":5}},"151":{"start":{"line":373,"column":6},"end":{"line":373,"column":34}},"152":{"start":{"line":374,"column":6},"end":{"line":374,"column":70}},"153":{"start":{"line":376,"column":4},"end":{"line":376,"column":20}},"154":{"start":{"line":377,"column":4},"end":{"line":377,"column":76}},"155":{"start":{"line":377,"column":35},"end":{"line":377,"column":50}},"156":{"start":{"line":381,"column":0},"end":{"line":381,"column":37}},"157":{"start":{"line":382,"column":0},"end":{"line":382,"column":36}},"158":{"start":{"line":383,"column":0},"end":{"line":383,"column":34}},"159":{"start":{"line":384,"column":0},"end":{"line":384,"column":37}},"160":{"start":{"line":386,"column":0},"end":{"line":386,"column":24}}},"branchMap":{"1":{"line":39,"type":"binary-expr","locations":[{"start":{"line":39,"column":14},"end":{"line":39,"column":21}},{"start":{"line":39,"column":25},"end":{"line":39,"column":27}}]},"2":{"line":44,"type":"binary-expr","locations":[{"start":{"line":44,"column":47},"end":{"line":44,"column":55}},{"start":{"line":44,"column":59},"end":{"line":44,"column":80}}]},"3":{"line":53,"type":"binary-expr","locations":[{"start":{"line":53,"column":25},"end":{"line":53,"column":41}},{"start":{"line":53,"column":45},"end":{"line":53,"column":58}}]},"4":{"line":54,"type":"binary-expr","locations":[{"start":{"line":54,"column":25},"end":{"line":54,"column":40}},{"start":{"line":54,"column":45},"end":{"line":54,"column":68}}]},"5":{"line":60,"type":"if","locations":[{"start":{"line":60,"column":4},"end":{"line":60,"column":4}},{"start":{"line":60,"column":4},"end":{"line":60,"column":4}}]},"6":{"line":60,"type":"binary-expr","locations":[{"start":{"line":60,"column":8},"end":{"line":60,"column":21}},{"start":{"line":60,"column":25},"end":{"line":60,"column":60}}]},"7":{"line":62,"type":"if","locations":[{"start":{"line":62,"column":8},"end":{"line":62,"column":8}},{"start":{"line":62,"column":8},"end":{"line":62,"column":8}}]},"8":{"line":99,"type":"if","locations":[{"start":{"line":99,"column":4},"end":{"line":99,"column":4}},{"start":{"line":99,"column":4},"end":{"line":99,"column":4}}]},"9":{"line":100,"type":"if","locations":[{"start":{"line":100,"column":4},"end":{"line":100,"column":4}},{"start":{"line":100,"column":4},"end":{"line":100,"column":4}}]},"10":{"line":115,"type":"if","locations":[{"start":{"line":115,"column":6},"end":{"line":115,"column":6}},{"start":{"line":115,"column":6},"end":{"line":115,"column":6}}]},"11":{"line":124,"type":"if","locations":[{"start":{"line":124,"column":8},"end":{"line":124,"column":8}},{"start":{"line":124,"column":8},"end":{"line":124,"column":8}}]},"12":{"line":144,"type":"if","locations":[{"start":{"line":144,"column":4},"end":{"line":144,"column":4}},{"start":{"line":144,"column":4},"end":{"line":144,"column":4}}]},"13":{"line":145,"type":"if","locations":[{"start":{"line":145,"column":4},"end":{"line":145,"column":4}},{"start":{"line":145,"column":4},"end":{"line":145,"column":4}}]},"14":{"line":147,"type":"if","locations":[{"start":{"line":147,"column":4},"end":{"line":147,"column":4}},{"start":{"line":147,"column":4},"end":{"line":147,"column":4}}]},"15":{"line":151,"type":"if","locations":[{"start":{"line":151,"column":4},"end":{"line":151,"column":4}},{"start":{"line":151,"column":4},"end":{"line":151,"column":4}}]},"16":{"line":157,"type":"if","locations":[{"start":{"line":157,"column":4},"end":{"line":157,"column":4}},{"start":{"line":157,"column":4},"end":{"line":157,"column":4}}]},"17":{"line":178,"type":"if","locations":[{"start":{"line":178,"column":4},"end":{"line":178,"column":4}},{"start":{"line":178,"column":4},"end":{"line":178,"column":4}}]},"18":{"line":189,"type":"if","locations":[{"start":{"line":189,"column":6},"end":{"line":189,"column":6}},{"start":{"line":189,"column":6},"end":{"line":189,"column":6}}]},"19":{"line":214,"type":"if","locations":[{"start":{"line":214,"column":4},"end":{"line":214,"column":4}},{"start":{"line":214,"column":4},"end":{"line":214,"column":4}}]},"20":{"line":223,"type":"if","locations":[{"start":{"line":223,"column":4},"end":{"line":223,"column":4}},{"start":{"line":223,"column":4},"end":{"line":223,"column":4}}]},"21":{"line":223,"type":"binary-expr","locations":[{"start":{"line":223,"column":8},"end":{"line":223,"column":20}},{"start":{"line":223,"column":24},"end":{"line":223,"column":30}}]},"22":{"line":231,"type":"if","locations":[{"start":{"line":231,"column":6},"end":{"line":231,"column":6}},{"start":{"line":231,"column":6},"end":{"line":231,"column":6}}]},"23":{"line":239,"type":"if","locations":[{"start":{"line":239,"column":8},"end":{"line":239,"column":8}},{"start":{"line":239,"column":8},"end":{"line":239,"column":8}}]},"24":{"line":264,"type":"if","locations":[{"start":{"line":264,"column":4},"end":{"line":264,"column":4}},{"start":{"line":264,"column":4},"end":{"line":264,"column":4}}]},"25":{"line":270,"type":"if","locations":[{"start":{"line":270,"column":4},"end":{"line":270,"column":4}},{"start":{"line":270,"column":4},"end":{"line":270,"column":4}}]},"26":{"line":281,"type":"if","locations":[{"start":{"line":281,"column":8},"end":{"line":281,"column":8}},{"start":{"line":281,"column":8},"end":{"line":281,"column":8}}]},"27":{"line":296,"type":"binary-expr","locations":[{"start":{"line":296,"column":20},"end":{"line":296,"column":27}},{"start":{"line":296,"column":31},"end":{"line":296,"column":33}}]},"28":{"line":308,"type":"if","locations":[{"start":{"line":308,"column":8},"end":{"line":308,"column":8}},{"start":{"line":308,"column":8},"end":{"line":308,"column":8}}]},"29":{"line":321,"type":"cond-expr","locations":[{"start":{"line":322,"column":18},"end":{"line":322,"column":51}},{"start":{"line":323,"column":18},"end":{"line":323,"column":46}}]},"30":{"line":326,"type":"if","locations":[{"start":{"line":326,"column":6},"end":{"line":326,"column":6}},{"start":{"line":326,"column":6},"end":{"line":326,"column":6}}]},"31":{"line":327,"type":"if","locations":[{"start":{"line":327,"column":6},"end":{"line":327,"column":6}},{"start":{"line":327,"column":6},"end":{"line":327,"column":6}}]},"32":{"line":328,"type":"binary-expr","locations":[{"start":{"line":328,"column":53},"end":{"line":328,"column":60}},{"start":{"line":328,"column":64},"end":{"line":328,"column":66}}]},"33":
[...]
t      self._handleError(messages);","\t    };","\t","\t    xhr.onprogress = function() {};","\t","\t    if (xhrClass === global.XDomainRequest)","\t      CORS._pending.add({id: id, xhr: xhr});","\t","\t    xhr.send(this.encode(messages));","\t    return xhr;","\t  }","\t}), {","\t  _id:      0,","\t  _pending: new Set(),","\t","\t  isUsable: function(dispatcher, endpoint, callback, context) {","\t    if (URI.isSameOrigin(endpoint))","\t      return callback.call(context, false);","\t","\t    if (global.XDomainRequest)","\t      return callback.call(context, endpoint.protocol === location.protocol);","\t","\t    if (global.XMLHttpRequest) {","\t      var xhr = new XMLHttpRequest();","\t      return callback.call(context, xhr.withCredentials !== undefined);","\t    }","\t    return callback.call(context, false);","\t  }","\t});","\t","\tmodule.exports = CORS;","\t","\t/* WEBPACK VAR INJECTION */}.call(exports, (function() { return this; }())))","","/***/ },","/* 31 */","/***/ function(module, exports, __webpack_require__) {","","\t/* WEBPACK VAR INJECTION */(function(global) {'use strict';","\t","\tvar Class      = __webpack_require__(7),","\t    URI        = __webpack_require__(10),","\t    copyObject = __webpack_require__(26),","\t    extend     = __webpack_require__(8),","\t    toJSON     = __webpack_require__(3),","\t    Transport  = __webpack_require__(22);","\t","\tvar JSONP = extend(Class(Transport, {","\t encode: function(messages) {","\t    var url = copyObject(this.endpoint);","\t    url.query.message = toJSON(messages);","\t    url.query.jsonp   = '__jsonp' + JSONP._cbCount + '__';","\t    return URI.stringify(url);","\t  },","\t","\t  request: function(messages) {","\t    var head         = document.getElementsByTagName('head')[0],","\t        script       = document.createElement('script'),","\t        callbackName = JSONP.getCallbackName(),","\t        endpoint     = copyObject(this.endpoint),","\t        self         = this;","\t","\t    endpoint.query.message = toJSON(messages);","\t    endpoint.query.jsonp   = callbackName;","\t","\t    var cleanup = function() {","\t      if (!global[callbackName]) return false;","\t      global[callbackName] = undefined;","\t      try { delete global[callbackName] } catch (error) {}","\t      script.parentNode.removeChild(script);","\t    };","\t","\t    global[callbackName] = function(replies) {","\t      cleanup();","\t      self._receive(replies);","\t    };","\t","\t    script.type = 'text/javascript';","\t    script.src  = URI.stringify(endpoint);","\t    head.appendChild(script);","\t","\t    script.onerror = function() {","\t      cleanup();","\t      self._handleError(messages);","\t    };","\t","\t    return {abort: cleanup};","\t  }","\t}), {","\t  _cbCount: 0,","\t","\t  getCallbackName: function() {","\t    this._cbCount += 1;","\t    return '__jsonp' + this._cbCount + '__';","\t  },","\t","\t  isUsable: function(dispatcher, endpoint, callback, context) {","\t    callback.call(context, true);","\t  }","\t});","\t","\tmodule.exports = JSONP;","\t","\t/* WEBPACK VAR INJECTION */}.call(exports, (function() { return this; }())))","","/***/ },","/* 32 */","/***/ function(module, exports, __webpack_require__) {","","\t'use strict';","\t","\tvar extend = __webpack_require__(8);","\t","\tvar Scheduler = function(message, options) {","\t  this.message  = message;","\t  this.options  = options;","\t  this.attempts = 0;","\t};","\t","\textend(Scheduler.prototype, {","\t  getTimeout: function() {","\t    return this.options.timeout;","\t  },","\t","\t  getInterval: function() {","\t    return this.options.interval;","\t  },","\t","\t  isDeliverable: function() {","\t    var attempts = this.options.attempts,","\t        made     = this.attempts,","\t        deadline = this.options.deadline,","\t        now      = new Date().getTime();","\t","\t    if (attempts !== undefined && made >= attempts)","\t      return false;","\t","\t    if (deadline !== undefined && now > deadline)","\t      return false;","\t","\t    return true;","\t  },","\t","\t  send: function() {","\t    this.attempts += 1;","\t  },","\t","\t  succeed: function() {},","\t","\t  fail: function() {},","\t","\t  abort: function() {}","\t});","\t","\tmodule.exports = Scheduler;","","","/***/ },","/* 33 */","/***/ function(module, exports, __webpack_require__) {","","\t'use strict';","\t","\tvar Class   = __webpack_require__(7),","\t    Grammar = __webpack_require__(18);","\t","\tvar Error = Class({","\t  initialize: function(code, params, message) {","\t    this.code    = code;","\t    this.params  = Array.prototype.slice.call(params);","\t    this.message = message;","\t  },","\t","\t  toString: function() {","\t    return this.code + ':' +","\t           this.params.join(',') + ':' +","\t           this.message;","\t  }","\t});","\t","\tError.parse = function(message) {","\t  message = message || '';","\t  if (!Grammar.ERROR.test(message)) return new Error(null, [], message);","\t","\t  var parts   = message.split(':'),","\t      code    = parseInt(parts[0]),","\t      params  = parts[1].split(','),","\t      message = parts[2];","\t","\t  return new Error(code, params, message);","\t};","\t","\t// http://code.google.com/p/cometd/wiki/BayeuxCodes","\tvar errors = {","\t  versionMismatch:  [300, 'Version mismatch'],","\t  conntypeMismatch: [301, 'Connection types not supported'],","\t  extMismatch:      [302, 'Extension mismatch'],","\t  badRequest:       [400, 'Bad request'],","\t  clientUnknown:    [401, 'Unknown client'],","\t  parameterMissing: [402, 'Missing required parameter'],","\t  channelForbidden: [403, 'Forbidden channel'],","\t  channelUnknown:   [404, 'Unknown channel'],","\t  channelInvalid:   [405, 'Invalid channel'],","\t  extUnknown:       [406, 'Unknown extension'],","\t  publishFailed:    [407, 'Failed to publish'],","\t  serverError:      [500, 'Internal server error']","\t};","\t","\tfor (var name in errors)","\t  (function(name) {","\t    Error[name] = function() {","\t      return new Error(errors[name][0], arguments, errors[name][1]).toString();","\t    };","\t  })(name);","\t","\tmodule.exports = Error;","","","/***/ },","/* 34 */","/***/ function(module, exports, __webpack_require__) {","","\t'use strict';","\t","\tvar extend  = __webpack_require__(8),","\t    Logging = __webpack_require__(2);","\t","\tvar Extensible = {","\t  addExtension: function(extension) {","\t    this._extensions = this._extensions || [];","\t    this._extensions.push(extension);","\t    if (extension.added) extension.added(this);","\t  },","\t","\t  removeExtension: function(extension) {","\t    if (!this._extensions) return;","\t    var i = this._extensions.length;","\t    while (i--) {","\t      if (this._extensions[i] !== extension) continue;","\t      this._extensions.splice(i,1);","\t      if (extension.removed) extension.removed(this);","\t    }","\t  },","\t","\t  pipeThroughExtensions: function(stage, message, request, callback, context) {","\t    this.debug('Passing through ? extensions: ?', stage, message);","\t","\t    if (!this._extensions) return callback.call(context, message);","\t    var extensions = this._extensions.slice();","\t","\t    var pipe = function(message) {","\t      if (!message) return callback.call(context, message);","\t","\t      var extension = extensions.shift();","\t      if (!extension) return callback.call(context, message);","\t","\t      var fn = extension[stage];","\t      if (!fn) return pipe(message);","\t","\t      if (fn.length >= 3) extension[stage](message, request, pipe);","\t      else                extension[stage](message, pipe);","\t    };","\t    pipe(message);","\t  }","\t};","\t","\textend(Extensible, Logging);","\t","\tmodule.exports = Extensible;","","","/***/ },","/* 35 */","/***/ function(module, exports, __webpack_require__) {","","\t'use strict';","\t","\tvar Class      = __webpack_require__(7),","\t    Deferrable = __webpack_require__(14);","\t","\tmodule.exports = Class(Deferrable);","","","/***/ },","/* 36 */","/***/ function(module, exports, __webpack_require__) {","","\t'use strict';","\t","\tvar Class      = __webpack_require__(7),","\t    extend     = __webpack_require__(8),","\t    Deferrable = __webpack_require__(14);","\t","\tvar Subscription = Class({","\t  initialize: function(client, channels, callback, context) {","\t    this._client    = client;","\t    this._channels  = channels;","\t    this._callback  = callback;","\t    this._context   = context;","\t    this._cancelled = false;","\t  },","\t","\t  withChannel: function(callback, context) {","\t    this._withChannel = [callback, context];","\t    return this;","\t  },","\t","\t  apply: function(context, args) {","\t    var message = args[0];","\t","\t    if (this._callback)","\t      this._callback.call(this._context, message.data);","\t","\t    if (this._withChannel)","\t      this._withChannel[0].call(this._withChannel[1], message.channel, message.data);","\t  },","\t","\t  cancel: function() {","\t    if (this._cancelled) return;","\t    this._client.unsubscribe(this._channels, this);","\t    this._cancelled = true;","\t  },","\t","\t  unsubscribe: function() {","\t    this.cancel();","\t  }","\t});","\t","\textend(Subscription.prototype, Deferrable);","\t","\tmodule.exports = Subscription;","","","/***/ }","/******/ ]);","//# sourceMappingURL=faye-browser.js.map"],"l":{"1":1,"4":1,"7":1,"10":105,"11":68,"14":37,"21":37,"24":37,"27":37,"32":1,"35":1,"38":1,"41":1,"50":1,"53":1,"60":1,"62":1,"69":1,"87":1,"89":1,"99":0,"100":0,"102":0,"107":0,"108":0,"110":0,"114":0,"115":0,"117":0,"118":0,"119":0,"120":0,"124":1,"125":5,"126":5,"127":0,"131":1,"142":1,"143":0,"144":0,"153":1,"155":1,"174":1,"190":0,"191":0,"193":0,"195":0,"196":0,"198":0,"199":0,"201":0,"203":0,"208":0,"210":0,"212":0,"213":0,"214":0,"215":0,"220":0,"224":0,"228":0,"251":0,"252":0,"254":0,"255":0,"257":0,"258":0,"260":0,"267":0,"268":0,"269":0,"271":0,"273":0,"275":0,"276":0,"279":0,"280":0,"281":0,"296":0,"297":0,"299":0,"300":0,"302":0,"303":0,"305":0,"306":0,"307":0,"309":0,"310":0,"312":0,"314":0,"330":0,"331":0,"333":0,"334":0,"336":0,"341":0,"342":0,"343":0,"345":0,"349":0,"350":0,"352":0,"366":0,"367":0,"368":0,"371":0,"375":0,"376":0,"377":0,"378":0,"381":0,"382":0,"383":0,"385":0,"391":0,"392":0,"393":0,"396":0,"397":0,"398":0,"402":0,"416":0,"417":0,"418":0,"421":0,"422":0,"424":0,"425":0,"427":0,"433":0,"435":0,"436":0,"448":0,"449":0,"451":0,"452":0,"454":0,"460":0,"461":0,"463":0,"467":0,"471":0,"473":0,"477":0,"478":0,"479":0,"480":0,"485":0,"486":0,"487":0,"491":0,"493":0,"494":0,"495":0,"498":0,"499":0,"500":0,"501":0,"502":0,"507":0,"508":0,"510":0,"511":0,"512":0,"513":0,"518":0,"519":0,"520":0,"524":0,"525":0,"526":0,"528":0,"529":0,"533":1,"534":1,"535":1,"536":1,"538":1,"540":1,"549":1,"551":1,"554":1,"555":1,"557":1,"558":0,"559":0,"571":1,"572":1,"573":0,"574":0,"575":0,"577":0,"579":0,"580":0,"585":1,"586":0,"591":1,"592":0,"593":0,"595":0,"599":0,"604":0,"605":0,"608":0,"609":0,"618":1,"630":1,"631":1,"632":0,"633":0,"634":0,"637":0,"640":1,"643":1,"647":1,"651":1,"655":1,"663":1,"664":0,"665":0,"668":0,"669":0,"675":0,"678":0,"679":0,"681":0,"682":0,"685":0,"686":0,"687":0,"700":1,"701":1,"714":1,"715":0,"745":1,"753":1,"757":1,"758":0,"759":0,"760":0,"761":0,"762":0,"763":0,"764":0,"808":1,"809":2,"814":0,"818":0,"820":1,"823":0,"824":0,"825":0,"833":1,"842":1,"850":1,"852":1,"853":14,"854":9,"855":9,"858":14,"859":1,"860":1,"863":14,"864":14,"866":14,"867":14,"869":14,"879":1,"880":36,"881":36,"882":251,"883":251,"884":251,"885":244,"887":36,"897":1,"899":1,"903":1,"904":0,"906":1,"907":0,"908":0,"909":0,"911":0,"912":0,"914":0,"915":0,"918":1,"919":0,"920":0,"921":0,"922":0,"925":1,"926":0,"929":1,"930":0,"931":0,"933":0,"934":0,"935":0,"936":0,"940":1,"941":0,"942":0,"944":0,"945":0,"946":0,"947":0,"951":1,"952":0,"955":1,"956":0,"958":0,"959":0,"961":0,"964":0,"965":0,"967":0,"971":1,"972":0,"974":0,"975":0,"976":0,"978":0,"980":0,"981":0,"982":0,"984":0,"985":0,"988":0,"989":0,"993":1,"994":0,"996":0,"997":0,"998":0,"1000":0,"1001":0,"1004":1,"1005":0,"1007":0,"1008":0,"1009":0,"1011":0,"1012":0,"1015":1,"1016":0,"1019":1,"1020":0,"1023":1,"1024":0,"1025":0,"1027":0,"1029":0,"1030":0,"1031":0,"1032":0,"1038":1,"1039":0,"1040":0,"1041":0,"1045":1,"1046":0,"1048":0,"1049":0,"1050":0,"1052":0,"1055":1,"1064":1,"1066":0,"1070":0,"1076":0,"1077":0,"1079":0,"1080":0,"1081":0,"1082":0,"1084":0,"1087":0,"1088":0,"1090":0,"1091":0,"1093":0,"1094":0,"1095":0,"1097":0,"1099":0,"1100":0,"1101":0,"1102":0,"1103":0,"1105":0,"1106":0,"1107":0,"1110":0,"1111":0,"1113":0,"1114":0,"1115":0,"1117":0,"1118":0,"1119":0,"1122":0,"1124":0,"1125":0,"1129":0,"1130":0,"1131":0,"1132":0,"1136":0,"1137":0,"1138":0,"1139":0,"1141":0,"1142":0,"1153":1,"1155":0,"1156":0,"1157":0,"1159":0,"1163":0,"1165":0,"1166":0,"1168":0,"1172":0,"1173":0,"1175":0,"1176":0,"1177":0,"1180":0,"1181":0,"1182":0,"1185":0,"1189":0,"1190":0,"1191":0,"1192":0,"1193":0,"1195":0,"1199":0,"1204":0,"1205":0,"1206":0,"1207":0,"1208":0,"1211":0,"1212":0,"1213":0,"1214":0,"1215":0,"1218":0,"1219":0,"1220":0,"1222":0,"1231":1,"1233":1,"1237":0,"1239":0,"1240":0,"1242":0,"1244":0,"1254":0,"1255":0,"1256":0,"1258":0,"1262":0,"1264":0,"1265":0,"1267":0,"1269":0,"1270":0,"1275":1,"1276":0,"1278":1,"1282":1,"1290":1,"1292":1,"1293":0,"1294":0,"1295":0,"1304":1,"1306":1,"1308":1,"1310":0,"1311":0,"1312":0,"1313":0,"1314":0,"1317":0,"1318":0,"1320":0,"1324":0,"1328":0,"1332":0,"1333":0,"1334":0,"1335":0,"1340":0,"1342":0,"1344":0,"1345":0,"1346":0,"1347":0,"1349":0,"1353":1,"1361":1,"1364":1,"1366":0,"1370":0,"1371":0,"1373":0,"1374":0,"1375":0,"1379":0,"1380":0,"1382":0,"1383":0,"1384":0,"1385":0,"1386":0,"1387":0,"1392":1,"1393":1,"1395":1,"1423":1,"1426":0,"1429":1,"1430":0,"1431":0,"1432":0,"1434":0,"1437":1,"1438":1,"1440":1,"1442":0,"1443":0,"1446":0,"1447":0,"1449":0,"1451":0,"1455":0,"1456":0,"1457":0,"1459":0,"1460":0,"1463":0,"1464":0,"1466":0,"1467":0,"1469":0,"1470":0,"1473":0,"1474":0,"1476":0,"1478":0,"1479":0,"1481":0,"1482":0,"1483":0,"1485":0,"1488":0,"1494":1,"1495":0,"1496":0,"1499":0,"1503":0,"1505":0,"1507":0,"1508":0,"1510":0,"1513":0,"1516":0,"1519":1,"1521":1,"1522":0,"1523":0,"1524":0,"1525":0,"1528":0,"1531":1,"1532":0,"1533":0,"1537":0,"1539":0,"1541":0,"1542":0,"1543":0,"1544":0,"1545":0,"1546":0,"1547":0,"1548":0,"1551":0,"1554":1,"1555":0,"1556":0,"1557":0,"1561":0,"1562":0,"1565":1,"1566":0,"1567":0,"1568":0,"1569":0,"1571":0,"1581":1,"1586":1,"1588":0,"1592":0,"1596":0,"1600":1,"1602":1,"1613":0,"1616":0,"1617":0,"1618":0,"1620":0,"1621":0,"1622":0,"1623":0,"1626":0,"1630":0,"1635":0,"1636":0,"1640":0,"1644":0,"1645":0,"1649":0,"1650":0,"1654":0,"1655":0,"1660":0,"1664":0,"1665":0,"1666":0,"1670":0,"1674":0,"1678":0,"1679":0,"1680":0,"1681":0,"1682":0,"1687":0,"1688":0,"1689":0,"1691":0,"1692":0,"1693":0,"1695":0,"1700":0,"1702":0,"1703":0,"1704":0,"1710":1,"1719":1,"1731":1,"1733":1,"1742":1,"1750":0,"1751":0,"1752":0,"1754":0,"1755":0,"1756":0,"1757":0,"1758":0,"1759":0,"1760":0,"1761":0,"1762":0,"1764":0,"1765":0,"1767":0,"1768":0,"1769":0,"1770":0,"1771":0,"1774":0,"1775":0,"1777":0,"1778":0,"1780":0,"1784":0,"1788":0,"1792":0,"1796":0,"1800":0,"1801":0,"1802":0,"1806":0,"1810":0,"1811":0,"1813":0,"1814":0,"1816":0,"1817":0,"1822":0,"1824":0,"1830":0,"1831":0,"1832":0,"1835":0,"1839":0,"1840":0,"1842":0,"1846":0,"1847":0,"1848":0,"1849":0,"1852":0,"1853":0,"1856":0,"1857":0,"1861":0,"1863":0,"1864":0,"1865":0,"1866":0,"1869":0,"1871":0,"1872":0,"1873":0,"1877":0,"1881":0,"1883":0,"1884":0,"1887":0,"1888":0,"1890":0,"1891":0,"1893":0,"1894":0,"1896":0,"1897":0,"1898":0,"1902":0,"1903":0,"1904":0,"1908":1,"1909":0,"1912":1,"1913":1,"1915":1,"1917":1,"1925":1,"1934":1,"1936":1,"1937":1,"1938":1,"1939":1,"1940":1,"1942":1,"1951":1,"1961":1,"1968":0,"1969":0,"1970":0,"1971":0,"1973":0,"1974":0,"1980":0,"1984":0,"1987":0,"1989":0,"1990":0,"1992":0,"1993":0,"1995":0,"1996":0,"1998":0,"2002":0,"2004":0,"2005":0,"2010":0,"2012":0,"2013":0,"2014":0,"2017":0,"2021":0,"2023":0,"2024":0,"2026":0,"2028":0,"2029":0,"2033":0,"2034":0,"2035":0,"2037":0,"2038":0,"2040":0,"2044":0,"2045":0,"2047":0,"2050":0,"2051":0,"2055":0,"2057":0,"2060":0,"2061":0,"2065":0,"2068":0,"2070":0,"2071":0,"2076":0,"2080":0,"2081":0,"2083":0,"2084":0,"2085":0,"2090":0,"2092":0,"2093":0,"2095":0,"2100":0,"2101":0,"2102":0,"2103":0,"2104":0,"2105":0,"2106":0,"2108":0,"2110":0,"2111":0,"2112":0,"2115":0,"2120":0,"2122":0,"2123":0,"2126":0,"2127":0,"2129":0,"2130":0,"2131":0,"2134":0,"2135":0,"2136":0,"2137":0,"2140":0,"2145":5,"2146":5,"2150":0,"2156":1,"2157":1,"2159":1,"2166":1,"2168":1,"2170":0,"2171":0,"2172":0,"2173":0,"2174":0,"2175":0,"2180":0,"2181":0,"2182":0,"2183":0,"2184":0,"2188":0,"2189":0,"2193":1,"2199":1,"2201":1,"2213":1,"2221":0,"2222":0,"2223":0,"2227":0,"2228":0,"2230":0,"2232":0,"2233":0,"2234":0,"2235":0,"2236":0,"2239":0,"2242":0,"2243":0,"2248":0,"2250":0,"2251":0,"2252":0,"2254":0,"2255":0,"2257":0,"2259":0,"2260":0,"2261":0,"2262":0,"2263":0,"2264":0,"2265":0,"2268":0,"2269":0,"2270":0,"2271":0,"2273":0,"2274":0,"2276":0,"2277":0,"2278":0,"2280":0,"2281":0,"2283":0,"2284":0,"2285":0,"2287":0,"2291":0,"2292":0,"2293":0,"2295":0,"2297":0,"2299":0,"2300":0,"2301":0,"2303":0,"2308":0,"2309":0,"2313":0,"2320":0,"2322":0,"2326":0,"2327":0,"2328":0,"2338":0,"2339":0,"2340":0,"2344":0,"2345":0,"2346":0,"2350":0,"2354":1,"2356":1,"2357":0,"2359":1,"2361":1,"2369":1,"2371":1,"2373":1,"2377":0,"2378":0,"2379":0,"2380":0,"2384":0,"2385":0,"2386":0,"2391":0,"2392":0,"2394":0,"2398":0,"2399":0,"2401":0,"2405":0,"2406":0,"2407":0,"2408":0,"2412":0,"2413":0,"2414":0,"2425":1,"2426":0,"2427":0,"2428":0,"2429":0,"2430":0,"2431":0,"2432":0,"2433":0,"2434":0,"2435":0,"2437":0,"2441":1,"2448":1,"2450":1,"2452":1,"2454":0,"2455":0,"2459":1,"2465":1,"2467":1,"2475":1,"2477":0,"2478":0,"2480":0,"2482":0,"2483":0,"2485":0,"2488":0,"2489":0,"2490":0,"2493":0,"2494":0,"2495":0,"2497":0,"2498":0,"2502":0,"2503":0,"2504":0,"2506":0,"2507":0,"2509":0,"2512":0,"2516":0,"2517":0,"2518":0,"2519":0,"2523":0,"2524":0,"2528":0,"2532":0,"2537":0,"2538":0,"2540":0,"2541":0,"2542":0,"2547":0,"2550":0,"2551":0,"2552":0,"2554":0,"2555":0,"2559":1,"2561":1,"2563":1,"2569":1,"2571":1,"2578":1,"2580":0,"2584":0,"2589":0,"2590":0,"2591":0,"2592":0,"2594":0,"2597":0,"2598":0,"2599":0,"2600":0,"2602":0,"2603":0,"2604":0,"2605":0,"2608":0,"2609":0,"2610":0,"2612":0,"2613":0,"2615":0,"2620":0,"2621":0,"2623":0,"2624":0,"2626":0,"2628":0,"2629":0,"2632":0,"2633":0,"2635":0,"2638":0,"2639":0,"2643":0,"2646":0,"2650":1,"2652":1,"2658":1,"2660":1,"2667":1,"2669":0,"2673":0,"2680":0,"2682":0,"2683":0,"2684":0,"2685":0,"2686":0,"2690":0,"2691":0,"2692":0,"2693":0,"2694":0,"2697":0,"2698":0,"2699":0,"2701":0,"2703":0,"2704":0,"2706":0,"2709":0,"2710":0,"2711":0,"2714":0,"2716":0,"2717":0,"2719":0,"2720":0,"2727":0,"2728":0,"2730":0,"2731":0,"2733":0,"2734":0,"2735":0,"2737":0,"2741":1,"2743":1,"2749":1,"2751":1,"2758":1,"2760":0,"2761":0,"2762":0,"2763":0,"2767":0,"2773":0,"2774":0,"2776":0,"2777":0,"2778":0,"2779":0,"2780":0,"2783":0,"2784":0,"2785":0,"2788":0,"2789":0,"2790":0,"2792":0,"2793":0,"2794":0,"2797":0,"2803":0,"2804":0,"2808":0,"2812":1,"2814":1,"2822":1,"2824":1,"2825":0,"2826":0,"2827":0,"2830":1,"2832":0,"2836":0,"2840":0,"2845":0,"2846":0,"2848":0,"2849":0,"2851":0,"2855":0,"2865":1,"2874":1,"2877":1,"2879":0,"2880":0,"2881":0,"2885":0,"2891":1,"2892":0,"2893":0,"2895":0,"2900":0,"2904":1,"2919":1,"2920":12,"2921":12,"2922":0,"2926":1,"2935":1,"2938":1,"2940":0,"2941":0,"2942":0,"2946":0,"2947":0,"2948":0,"2949":0,"2950":0,"2951":0,"2956":0,"2958":0,"2959":0,"2961":0,"2962":0,"2964":0,"2965":0,"2967":0,"2968":0,"2970":0,"2971":0,"2973":0,"2977":1,"2979":1,"2988":1,"2991":1,"3000":1,"3004":1,"3006":0,"3007":0,"3008":0,"3009":0,"3010":0,"3014":0,"3015":0,"3019":0,"3021":0,"3022":0,"3024":0,"3025":0,"3029":0,"3030":0,"3031":0,"3035":0,"3039":1,"3041":1}}}